2018-08-31 16:28:40 [scrapy] INFO: Scrapy 1.1.1 started (bot: Douyu)
2018-08-31 16:28:40 [scrapy] INFO: Overridden settings: {'NEWSPIDER_MODULE': 'Douyu.spiders', 'SPIDER_MODULES': ['Douyu.spiders'], 'LOG_FILE': 'logs/Douyu/douyu/dd67b9ccacf711e88c07000c29be4b3a.log', 'USER_AGENT': 'Mozilla/5.0 (iPhone; CPU iPhone OS 8_0 like Mac OS X) AppleWebKit/600.1.4 (KHTML, like Gecko) Version/8.0 Mobile/12A365 Safari/600.1.4', 'BOT_NAME': 'Douyu'}
2018-08-31 16:28:41 [scrapy] INFO: Enabled extensions:
['scrapy.extensions.logstats.LogStats',
 'scrapy.extensions.telnet.TelnetConsole',
 'scrapy.extensions.corestats.CoreStats']
2018-08-31 16:28:41 [scrapy] INFO: Enabled downloader middlewares:
['scrapy.downloadermiddlewares.httpauth.HttpAuthMiddleware',
 'scrapy.downloadermiddlewares.downloadtimeout.DownloadTimeoutMiddleware',
 'scrapy.downloadermiddlewares.useragent.UserAgentMiddleware',
 'scrapy.downloadermiddlewares.retry.RetryMiddleware',
 'scrapy.downloadermiddlewares.defaultheaders.DefaultHeadersMiddleware',
 'scrapy.downloadermiddlewares.redirect.MetaRefreshMiddleware',
 'scrapy.downloadermiddlewares.httpcompression.HttpCompressionMiddleware',
 'scrapy.downloadermiddlewares.redirect.RedirectMiddleware',
 'scrapy.downloadermiddlewares.cookies.CookiesMiddleware',
 'scrapy.downloadermiddlewares.chunked.ChunkedTransferMiddleware',
 'scrapy.downloadermiddlewares.stats.DownloaderStats']
2018-08-31 16:28:41 [scrapy] INFO: Enabled spider middlewares:
['scrapy.spidermiddlewares.httperror.HttpErrorMiddleware',
 'scrapy.spidermiddlewares.offsite.OffsiteMiddleware',
 'scrapy.spidermiddlewares.referer.RefererMiddleware',
 'scrapy.spidermiddlewares.urllength.UrlLengthMiddleware',
 'scrapy.spidermiddlewares.depth.DepthMiddleware']
2018-08-31 16:28:41 [scrapy] INFO: Enabled item pipelines:
[]
2018-08-31 16:28:41 [scrapy] INFO: Spider opened
2018-08-31 16:28:41 [scrapy] INFO: Crawled 0 pages (at 0 pages/min), scraped 0 items (at 0 items/min)
2018-08-31 16:28:41 [scrapy] DEBUG: Telnet console listening on 127.0.0.1:6023
2018-08-31 16:28:43 [scrapy] DEBUG: Crawled (200) <GET http://capi.douyucdn.cn/api/v1/getVerticalRoom?limit=20&offset=0> (referer: None)
2018-08-31 16:28:43 [scrapy] DEBUG: Crawled (200) <GET http://capi.douyucdn.cn/api/v1/getVerticalRoom?limit=20&offset=20> (referer: http://capi.douyucdn.cn/api/v1/getVerticalRoom?limit=20&offset=0)
2018-08-31 16:28:45 [scrapy] DEBUG: Crawled (200) <GET https://rpic.douyucdn.cn/asrpic/180831/333_1624.jpg> (referer: http://capi.douyucdn.cn/api/v1/getVerticalRoom?limit=20&offset=0)
2018-08-31 16:28:46 [scrapy] DEBUG: Crawled (200) <GET http://capi.douyucdn.cn/api/v1/getVerticalRoom?limit=20&offset=40> (referer: http://capi.douyucdn.cn/api/v1/getVerticalRoom?limit=20&offset=20)
2018-08-31 16:28:46 [scrapy] DEBUG: Crawled (200) <GET https://rpic.douyucdn.cn/live-cover/appCovers/2018/08/26/2136878_20180826202312_big.jpg> (referer: http://capi.douyucdn.cn/api/v1/getVerticalRoom?limit=20&offset=0)
2018-08-31 16:28:46 [scrapy] DEBUG: Crawled (200) <GET https://rpic.douyucdn.cn/live-cover/appCovers/2018/08/29/963308_20180829224057_big.jpg> (referer: http://capi.douyucdn.cn/api/v1/getVerticalRoom?limit=20&offset=0)
2018-08-31 16:28:46 [scrapy] DEBUG: Crawled (200) <GET https://rpic.douyucdn.cn/live-cover/appCovers/2018/04/19/4108896_20180419012844_big.jpg> (referer: http://capi.douyucdn.cn/api/v1/getVerticalRoom?limit=20&offset=0)
2018-08-31 16:28:46 [scrapy] DEBUG: Crawled (200) <GET https://rpic.douyucdn.cn/live-cover/roomCover/2018/08/28/9b8f42859662c557e011c75677aa6470_small.jpg> (referer: http://capi.douyucdn.cn/api/v1/getVerticalRoom?limit=20&offset=0)
2018-08-31 16:28:46 [scrapy] DEBUG: Crawled (200) <GET https://rpic.douyucdn.cn/live-cover/appCovers/2018/08/28/4887890_20180828134108_big.jpg> (referer: http://capi.douyucdn.cn/api/v1/getVerticalRoom?limit=20&offset=0)
2018-08-31 16:28:47 [scrapy] DEBUG: Crawled (200) <GET https://rpic.douyucdn.cn/asrpic/180831/547003_1624.jpg> (referer: http://capi.douyucdn.cn/api/v1/getVerticalRoom?limit=20&offset=0)
2018-08-31 16:28:48 [scrapy] DEBUG: Crawled (200) <GET https://rpic.douyucdn.cn/live-cover/appCovers/2018/08/28/5055677_20180828203922_big.jpg> (referer: http://capi.douyucdn.cn/api/v1/getVerticalRoom?limit=20&offset=0)
2018-08-31 16:28:48 [scrapy] DEBUG: Crawled (200) <GET http://capi.douyucdn.cn/api/v1/getVerticalRoom?limit=20&offset=60> (referer: http://capi.douyucdn.cn/api/v1/getVerticalRoom?limit=20&offset=40)
2018-08-31 16:28:48 [scrapy] DEBUG: Crawled (200) <GET https://rpic.douyucdn.cn/live-cover/appCovers/2018/08/31/5140608_20180831024948_big.jpg> (referer: http://capi.douyucdn.cn/api/v1/getVerticalRoom?limit=20&offset=0)
2018-08-31 16:28:48 [scrapy] DEBUG: Crawled (200) <GET https://rpic.douyucdn.cn/asrpic/180831/5328576_1616.jpg> (referer: http://capi.douyucdn.cn/api/v1/getVerticalRoom?limit=20&offset=0)
2018-08-31 16:28:48 [scrapy] DEBUG: Crawled (200) <GET https://rpic.douyucdn.cn/live-cover/appCovers/2018/08/29/5051688_20180829191348_big.jpg> (referer: http://capi.douyucdn.cn/api/v1/getVerticalRoom?limit=20&offset=0)
2018-08-31 16:28:49 [scrapy] DEBUG: Crawled (200) <GET http://capi.douyucdn.cn/api/v1/getVerticalRoom?limit=20&offset=80> (referer: http://capi.douyucdn.cn/api/v1/getVerticalRoom?limit=20&offset=60)
2018-08-31 16:28:49 [scrapy] DEBUG: Crawled (200) <GET https://rpic.douyucdn.cn/live-cover/appCovers/2018/03/20/2622693_20180320000052_big.jpg> (referer: http://capi.douyucdn.cn/api/v1/getVerticalRoom?limit=20&offset=0)
2018-08-31 16:28:49 [scrapy] DEBUG: Crawled (200) <GET https://rpic.douyucdn.cn/live-cover/appCovers/2018/08/31/3279944_20180831104533_big.jpg> (referer: http://capi.douyucdn.cn/api/v1/getVerticalRoom?limit=20&offset=0)
2018-08-31 16:28:49 [scrapy] DEBUG: Crawled (200) <GET https://rpic.douyucdn.cn/live-cover/appCovers/2018/08/25/4843138_20180825142457_big.jpg> (referer: http://capi.douyucdn.cn/api/v1/getVerticalRoom?limit=20&offset=20)
2018-08-31 16:28:50 [scrapy] DEBUG: Crawled (200) <GET https://rpic.douyucdn.cn/asrpic/180831/5181087_1626.jpg> (referer: http://capi.douyucdn.cn/api/v1/getVerticalRoom?limit=20&offset=20)
2018-08-31 16:28:50 [scrapy] DEBUG: Crawled (200) <GET https://rpic.douyucdn.cn/live-cover/roomCover/2018/08/30/0c8171998d1722903855d0313adc1b88_small.jpg> (referer: http://capi.douyucdn.cn/api/v1/getVerticalRoom?limit=20&offset=0)
2018-08-31 16:28:50 [scrapy] DEBUG: Crawled (200) <GET https://rpic.douyucdn.cn/asrpic/180831/5012670_1626.jpg> (referer: http://capi.douyucdn.cn/api/v1/getVerticalRoom?limit=20&offset=40)
2018-08-31 16:28:50 [scrapy] DEBUG: Crawled (200) <GET http://capi.douyucdn.cn/api/v1/getVerticalRoom?limit=20&offset=100> (referer: http://capi.douyucdn.cn/api/v1/getVerticalRoom?limit=20&offset=80)
2018-08-31 16:28:50 [scrapy] DEBUG: Crawled (200) <GET https://rpic.douyucdn.cn/live-cover/appCovers/2018/07/24/5054636_20180724111943_big.jpg> (referer: http://capi.douyucdn.cn/api/v1/getVerticalRoom?limit=20&offset=0)
2018-08-31 16:28:50 [scrapy] DEBUG: Crawled (200) <GET https://rpic.douyucdn.cn/live-cover/appCovers/2018/07/09/4270267_20180709124839_big.jpg> (referer: http://capi.douyucdn.cn/api/v1/getVerticalRoom?limit=20&offset=40)
2018-08-31 16:28:51 [scrapy] DEBUG: Crawled (200) <GET http://capi.douyucdn.cn/api/v1/getVerticalRoom?limit=20&offset=120> (referer: http://capi.douyucdn.cn/api/v1/getVerticalRoom?limit=20&offset=100)
2018-08-31 16:28:51 [scrapy] DEBUG: Crawled (200) <GET https://rpic.douyucdn.cn/live-cover/appCovers/2018/08/06/4403598_20180806160752_big.jpg> (referer: http://capi.douyucdn.cn/api/v1/getVerticalRoom?limit=20&offset=0)
2018-08-31 16:28:52 [scrapy] DEBUG: Crawled (200) <GET https://rpic.douyucdn.cn/asrpic/180831/5221130_1626.jpg> (referer: http://capi.douyucdn.cn/api/v1/getVerticalRoom?limit=20&offset=80)
2018-08-31 16:28:52 [scrapy] DEBUG: Crawled (200) <GET https://rpic.douyucdn.cn/live-cover/appCovers/2018/07/15/511452_20180715215121_big.jpg> (referer: http://capi.douyucdn.cn/api/v1/getVerticalRoom?limit=20&offset=40)
2018-08-31 16:28:53 [scrapy] DEBUG: Crawled (200) <GET https://rpic.douyucdn.cn/live-cover/appCovers/2018/08/04/4908087_20180804172102_big.jpg> (referer: http://capi.douyucdn.cn/api/v1/getVerticalRoom?limit=20&offset=60)
2018-08-31 16:28:54 [scrapy] DEBUG: Crawled (200) <GET https://rpic.douyucdn.cn/asrpic/180831/4791566_1616.jpg> (referer: http://capi.douyucdn.cn/api/v1/getVerticalRoom?limit=20&offset=80)
2018-08-31 16:28:54 [scrapy] DEBUG: Crawled (200) <GET http://capi.douyucdn.cn/api/v1/getVerticalRoom?limit=20&offset=140> (referer: http://capi.douyucdn.cn/api/v1/getVerticalRoom?limit=20&offset=120)
2018-08-31 16:28:54 [scrapy] DEBUG: Crawled (200) <GET https://rpic.douyucdn.cn/live-cover/appCovers/2018/08/09/4758630_20180809084359_big.jpg> (referer: http://capi.douyucdn.cn/api/v1/getVerticalRoom?limit=20&offset=40)
2018-08-31 16:28:54 [scrapy] DEBUG: Crawled (200) <GET https://rpic.douyucdn.cn/live-cover/roomCover/2018/08/30/a862f71133826468a75a9b25f2fbb43a_small.jpg> (referer: http://capi.douyucdn.cn/api/v1/getVerticalRoom?limit=20&offset=80)
2018-08-31 16:28:55 [scrapy] DEBUG: Crawled (200) <GET http://capi.douyucdn.cn/api/v1/getVerticalRoom?limit=20&offset=160> (referer: http://capi.douyucdn.cn/api/v1/getVerticalRoom?limit=20&offset=140)
2018-08-31 16:28:55 [scrapy] DEBUG: Crawled (200) <GET https://rpic.douyucdn.cn/live-cover/appCovers/2018/08/16/5519673_20180816112024_big.jpg> (referer: http://capi.douyucdn.cn/api/v1/getVerticalRoom?limit=20&offset=80)
2018-08-31 16:28:56 [scrapy] DEBUG: Crawled (200) <GET https://rpic.douyucdn.cn/live-cover/appCovers/2018/08/17/5287739_20180817124358_big.jpg> (referer: http://capi.douyucdn.cn/api/v1/getVerticalRoom?limit=20&offset=40)
2018-08-31 16:28:56 [scrapy] DEBUG: Crawled (200) <GET http://capi.douyucdn.cn/api/v1/getVerticalRoom?limit=20&offset=180> (referer: http://capi.douyucdn.cn/api/v1/getVerticalRoom?limit=20&offset=160)
2018-08-31 16:28:57 [scrapy] DEBUG: Crawled (200) <GET https://rpic.douyucdn.cn/live-cover/appCovers/2018/07/09/2241485_20180709221259_big.jpg> (referer: http://capi.douyucdn.cn/api/v1/getVerticalRoom?limit=20&offset=80)
2018-08-31 16:28:58 [scrapy] DEBUG: Crawled (200) <GET https://rpic.douyucdn.cn/live-cover/appCovers/2018/06/17/4220891_20180617200857_big.jpg> (referer: http://capi.douyucdn.cn/api/v1/getVerticalRoom?limit=20&offset=120)
2018-08-31 16:28:58 [scrapy] DEBUG: Crawled (200) <GET https://rpic.douyucdn.cn/live-cover/appCovers/2018/06/29/5246467_20180629222053_big.jpg> (referer: http://capi.douyucdn.cn/api/v1/getVerticalRoom?limit=20&offset=60)
2018-08-31 16:29:00 [scrapy] DEBUG: Crawled (200) <GET https://rpic.douyucdn.cn/live-cover/appCovers/2018/07/05/332508_20180705105151_big.jpg> (referer: http://capi.douyucdn.cn/api/v1/getVerticalRoom?limit=20&offset=120)
2018-08-31 16:29:01 [scrapy] DEBUG: Crawled (200) <GET http://capi.douyucdn.cn/api/v1/getVerticalRoom?limit=20&offset=200> (referer: http://capi.douyucdn.cn/api/v1/getVerticalRoom?limit=20&offset=180)
2018-08-31 16:29:01 [scrapy] DEBUG: Crawled (200) <GET https://rpic.douyucdn.cn/asrpic/180831/5354747_1626.jpg> (referer: http://capi.douyucdn.cn/api/v1/getVerticalRoom?limit=20&offset=100)
2018-08-31 16:29:01 [scrapy] DEBUG: Crawled (200) <GET https://rpic.douyucdn.cn/live-cover/appCovers/2018/08/28/5472090_20180828194204_big.jpg> (referer: http://capi.douyucdn.cn/api/v1/getVerticalRoom?limit=20&offset=120)
2018-08-31 16:29:01 [scrapy] DEBUG: Crawled (200) <GET https://rpic.douyucdn.cn/live-cover/appCovers/2018/08/30/896127_20180830220941_big.jpg> (referer: http://capi.douyucdn.cn/api/v1/getVerticalRoom?limit=20&offset=140)
2018-08-31 16:29:01 [scrapy] DEBUG: Crawled (200) <GET http://capi.douyucdn.cn/api/v1/getVerticalRoom?limit=20&offset=220> (referer: http://capi.douyucdn.cn/api/v1/getVerticalRoom?limit=20&offset=200)
2018-08-31 16:29:02 [scrapy] DEBUG: Crawled (200) <GET https://rpic.douyucdn.cn/asrpic/180831/5238827_1626.jpg> (referer: http://capi.douyucdn.cn/api/v1/getVerticalRoom?limit=20&offset=120)
2018-08-31 16:29:02 [scrapy] DEBUG: Crawled (200) <GET https://rpic.douyucdn.cn/live-cover/roomCover/2018/08/03/e01a5659c54a4014a4dd8cd71601010c_small.jpg> (referer: http://capi.douyucdn.cn/api/v1/getVerticalRoom?limit=20&offset=100)
2018-08-31 16:29:03 [scrapy] DEBUG: Crawled (200) <GET http://capi.douyucdn.cn/api/v1/getVerticalRoom?limit=20&offset=240> (referer: http://capi.douyucdn.cn/api/v1/getVerticalRoom?limit=20&offset=220)
2018-08-31 16:29:03 [scrapy] DEBUG: Crawled (200) <GET https://rpic.douyucdn.cn/live-cover/appCovers/2018/08/24/3331756_20180824165643_big.jpg> (referer: http://capi.douyucdn.cn/api/v1/getVerticalRoom?limit=20&offset=160)
2018-08-31 16:29:03 [scrapy] DEBUG: Crawled (200) <GET https://rpic.douyucdn.cn/live-cover/appCovers/2018/08/11/5492840_20180811151602_big.jpg> (referer: http://capi.douyucdn.cn/api/v1/getVerticalRoom?limit=20&offset=140)
2018-08-31 16:29:03 [scrapy] DEBUG: Crawled (200) <GET https://rpic.douyucdn.cn/live-cover/appCovers/2018/03/24/748084_20180324210801_big.jpg> (referer: http://capi.douyucdn.cn/api/v1/getVerticalRoom?limit=20&offset=40)
2018-08-31 16:29:04 [scrapy] DEBUG: Crawled (200) <GET https://rpic.douyucdn.cn/live-cover/appCovers/2018/07/31/5429126_20180731114607_big.jpg> (referer: http://capi.douyucdn.cn/api/v1/getVerticalRoom?limit=20&offset=80)
2018-08-31 16:29:04 [scrapy] DEBUG: Crawled (200) <GET https://rpic.douyucdn.cn/live-cover/roomCover/2018/08/13/e0d48e64f652f1eb823bdc5424cf9eda_small.jpg> (referer: http://capi.douyucdn.cn/api/v1/getVerticalRoom?limit=20&offset=60)
2018-08-31 16:29:04 [scrapy] DEBUG: Crawled (200) <GET http://capi.douyucdn.cn/api/v1/getVerticalRoom?limit=20&offset=260> (referer: http://capi.douyucdn.cn/api/v1/getVerticalRoom?limit=20&offset=240)
2018-08-31 16:29:05 [scrapy] DEBUG: Crawled (200) <GET https://rpic.douyucdn.cn/live-cover/appCovers/2018/08/28/5354542_20180828150803_big.jpg> (referer: http://capi.douyucdn.cn/api/v1/getVerticalRoom?limit=20&offset=180)
2018-08-31 16:29:05 [scrapy] DEBUG: Crawled (200) <GET https://rpic.douyucdn.cn/live-cover/appCovers/2018/08/30/5197250_20180830143544_big.jpg> (referer: http://capi.douyucdn.cn/api/v1/getVerticalRoom?limit=20&offset=180)
2018-08-31 16:29:05 [scrapy] DEBUG: Crawled (200) <GET https://rpic.douyucdn.cn/asrpic/180831/5085528_1626.jpg> (referer: http://capi.douyucdn.cn/api/v1/getVerticalRoom?limit=20&offset=200)
2018-08-31 16:29:05 [scrapy] DEBUG: Crawled (200) <GET http://capi.douyucdn.cn/api/v1/getVerticalRoom?limit=20&offset=280> (referer: http://capi.douyucdn.cn/api/v1/getVerticalRoom?limit=20&offset=260)
2018-08-31 16:29:05 [scrapy] DEBUG: Crawled (200) <GET https://rpic.douyucdn.cn/live-cover/appCovers/2018/06/06/4868545_20180606190020_big.jpg> (referer: http://capi.douyucdn.cn/api/v1/getVerticalRoom?limit=20&offset=180)
2018-08-31 16:29:06 [scrapy] DEBUG: Crawled (200) <GET https://rpic.douyucdn.cn/live-cover/appCovers/2018/08/25/4624493_20180825144042_big.jpg> (referer: http://capi.douyucdn.cn/api/v1/getVerticalRoom?limit=20&offset=160)
2018-08-31 16:29:06 [scrapy] DEBUG: Crawled (200) <GET https://rpic.douyucdn.cn/live-cover/appCovers/2018/08/28/5393885_20180828151849_big.jpg> (referer: http://capi.douyucdn.cn/api/v1/getVerticalRoom?limit=20&offset=200)
2018-08-31 16:29:06 [scrapy] DEBUG: Crawled (200) <GET https://rpic.douyucdn.cn/live-cover/roomCover/2018/07/20/30482efc77ad585e4c2c0e5d0b33d05e_small.jpg> (referer: http://capi.douyucdn.cn/api/v1/getVerticalRoom?limit=20&offset=120)
2018-08-31 16:29:06 [scrapy] DEBUG: Crawled (200) <GET https://rpic.douyucdn.cn/live-cover/appCovers/2018/08/07/5365227_20180807130205_big.jpg> (referer: http://capi.douyucdn.cn/api/v1/getVerticalRoom?limit=20&offset=200)
2018-08-31 16:29:06 [scrapy] DEBUG: Crawled (200) <GET http://capi.douyucdn.cn/api/v1/getVerticalRoom?limit=20&offset=300> (referer: http://capi.douyucdn.cn/api/v1/getVerticalRoom?limit=20&offset=280)
2018-08-31 16:29:07 [scrapy] DEBUG: Crawled (200) <GET https://rpic.douyucdn.cn/live-cover/appCovers/2018/08/28/4579749_20180828130557_big.jpg> (referer: http://capi.douyucdn.cn/api/v1/getVerticalRoom?limit=20&offset=180)
2018-08-31 16:29:07 [scrapy] DEBUG: Crawled (200) <GET https://rpic.douyucdn.cn/asrpic/180825/5309611_1236.jpg> (referer: http://capi.douyucdn.cn/api/v1/getVerticalRoom?limit=20&offset=240)
2018-08-31 16:29:07 [scrapy] DEBUG: Crawled (200) <GET https://rpic.douyucdn.cn/live-cover/appCovers/2018/08/28/5516960_20180828211741_big.jpg> (referer: http://capi.douyucdn.cn/api/v1/getVerticalRoom?limit=20&offset=220)
2018-08-31 16:29:07 [scrapy] DEBUG: Crawled (200) <GET http://capi.douyucdn.cn/api/v1/getVerticalRoom?limit=20&offset=320> (referer: http://capi.douyucdn.cn/api/v1/getVerticalRoom?limit=20&offset=300)
2018-08-31 16:29:08 [scrapy] DEBUG: Crawled (200) <GET https://rpic.douyucdn.cn/live-cover/appCovers/2018/08/28/3008913_20180828182238_big.jpg> (referer: http://capi.douyucdn.cn/api/v1/getVerticalRoom?limit=20&offset=220)
2018-08-31 16:29:08 [scrapy] DEBUG: Crawled (200) <GET http://capi.douyucdn.cn/api/v1/getVerticalRoom?limit=20&offset=340> (referer: http://capi.douyucdn.cn/api/v1/getVerticalRoom?limit=20&offset=320)
2018-08-31 16:29:08 [scrapy] DEBUG: Crawled (200) <GET https://rpic.douyucdn.cn/live-cover/appCovers/2018/07/06/5283273_20180706114240_big.jpg> (referer: http://capi.douyucdn.cn/api/v1/getVerticalRoom?limit=20&offset=220)
2018-08-31 16:29:09 [scrapy] DEBUG: Crawled (200) <GET https://rpic.douyucdn.cn/live-cover/appCovers/2018/08/09/5447691_20180809090507_big.jpg> (referer: http://capi.douyucdn.cn/api/v1/getVerticalRoom?limit=20&offset=240)
2018-08-31 16:29:10 [scrapy] DEBUG: Crawled (200) <GET https://rpic.douyucdn.cn/live-cover/appCovers/2018/07/04/5250892_20180704151238_big.jpg> (referer: http://capi.douyucdn.cn/api/v1/getVerticalRoom?limit=20&offset=240)
2018-08-31 16:29:10 [scrapy] DEBUG: Crawled (200) <GET https://rpic.douyucdn.cn/live-cover/appCovers/2018/08/23/5558503_20180823150915_big.jpg> (referer: http://capi.douyucdn.cn/api/v1/getVerticalRoom?limit=20&offset=260)
2018-08-31 16:29:11 [scrapy] DEBUG: Crawled (200) <GET https://rpic.douyucdn.cn/asrpic/180831/5115953_1626.jpg> (referer: http://capi.douyucdn.cn/api/v1/getVerticalRoom?limit=20&offset=280)
2018-08-31 16:29:11 [scrapy] DEBUG: Crawled (200) <GET https://rpic.douyucdn.cn/live-cover/appCovers/2018/08/28/5591681_20180828141424_big.jpg> (referer: http://capi.douyucdn.cn/api/v1/getVerticalRoom?limit=20&offset=280)
2018-08-31 16:29:11 [scrapy] DEBUG: Crawled (200) <GET http://capi.douyucdn.cn/api/v1/getVerticalRoom?limit=20&offset=360> (referer: http://capi.douyucdn.cn/api/v1/getVerticalRoom?limit=20&offset=340)
2018-08-31 16:29:12 [scrapy] DEBUG: Crawled (200) <GET https://rpic.douyucdn.cn/live-cover/appCovers/2018/06/30/5251415_20180630210428_big.jpg> (referer: http://capi.douyucdn.cn/api/v1/getVerticalRoom?limit=20&offset=240)
2018-08-31 16:29:12 [scrapy] DEBUG: Crawled (200) <GET https://rpic.douyucdn.cn/live-cover/appCovers/2018/08/30/5226674_20180830183634_big.jpg> (referer: http://capi.douyucdn.cn/api/v1/getVerticalRoom?limit=20&offset=280)
2018-08-31 16:29:12 [scrapy] DEBUG: Crawled (200) <GET https://rpic.douyucdn.cn/live-cover/appCovers/2018/08/08/5476371_20180808200652_big.jpg> (referer: http://capi.douyucdn.cn/api/v1/getVerticalRoom?limit=20&offset=280)
2018-08-31 16:29:14 [scrapy] DEBUG: Crawled (200) <GET https://rpic.douyucdn.cn/live-cover/roomCover/2018/08/30/aeaeaa28fa8331b82d1dbe8eb69cdacd_small.jpg> (referer: http://capi.douyucdn.cn/api/v1/getVerticalRoom?limit=20&offset=260)
2018-08-31 16:29:15 [scrapy] DEBUG: Crawled (200) <GET http://capi.douyucdn.cn/api/v1/getVerticalRoom?limit=20&offset=380> (referer: http://capi.douyucdn.cn/api/v1/getVerticalRoom?limit=20&offset=360)
2018-08-31 16:29:15 [scrapy] DEBUG: Crawled (200) <GET https://rpic.douyucdn.cn/live-cover/roomCover/2018/08/19/1ab2a1a15a9205c5f91ccbb2b7380379_small.jpg> (referer: http://capi.douyucdn.cn/api/v1/getVerticalRoom?limit=20&offset=260)
2018-08-31 16:29:17 [scrapy] DEBUG: Crawled (200) <GET https://rpic.douyucdn.cn/live-cover/roomCover/2018/08/17/6ffb3b88046095f130e4ac09ee537254_small.jpg> (referer: http://capi.douyucdn.cn/api/v1/getVerticalRoom?limit=20&offset=300)
2018-08-31 16:29:18 [scrapy] DEBUG: Crawled (200) <GET https://rpic.douyucdn.cn/asrpic/180831/5430043_1627.jpg> (referer: http://capi.douyucdn.cn/api/v1/getVerticalRoom?limit=20&offset=340)
2018-08-31 16:29:19 [scrapy] DEBUG: Crawled (200) <GET https://rpic.douyucdn.cn/live-cover/appCovers/2018/08/30/5154867_20180830235746_big.jpg> (referer: http://capi.douyucdn.cn/api/v1/getVerticalRoom?limit=20&offset=340)
2018-08-31 16:29:20 [scrapy] DEBUG: Crawled (200) <GET http://capi.douyucdn.cn/api/v1/getVerticalRoom?limit=20&offset=400> (referer: http://capi.douyucdn.cn/api/v1/getVerticalRoom?limit=20&offset=380)
2018-08-31 16:29:20 [scrapy] DEBUG: Crawled (200) <GET https://rpic.douyucdn.cn/asrpic/180822/5328935_1703.jpg> (referer: http://capi.douyucdn.cn/api/v1/getVerticalRoom?limit=20&offset=340)
2018-08-31 16:29:21 [scrapy] DEBUG: Crawled (200) <GET http://capi.douyucdn.cn/api/v1/getVerticalRoom?limit=20&offset=420> (referer: http://capi.douyucdn.cn/api/v1/getVerticalRoom?limit=20&offset=400)
2018-08-31 16:29:21 [scrapy] DEBUG: Crawled (200) <GET https://rpic.douyucdn.cn/live-cover/appCovers/2018/06/20/5074531_20180620154716_big.jpg> (referer: http://capi.douyucdn.cn/api/v1/getVerticalRoom?limit=20&offset=280)
2018-08-31 16:29:21 [scrapy] DEBUG: Crawled (200) <GET https://rpic.douyucdn.cn/live-cover/appCovers/2018/08/31/5564335_20180831130340_big.jpg> (referer: http://capi.douyucdn.cn/api/v1/getVerticalRoom?limit=20&offset=340)
2018-08-31 16:29:21 [scrapy] DEBUG: Crawled (200) <GET https://rpic.douyucdn.cn/asrpic/180831/5402288_1556.jpg> (referer: http://capi.douyucdn.cn/api/v1/getVerticalRoom?limit=20&offset=360)
2018-08-31 16:29:23 [scrapy] DEBUG: Crawled (200) <GET https://rpic.douyucdn.cn/live-cover/appCovers/2018/08/15/5510880_20180815170201_big.jpg> (referer: http://capi.douyucdn.cn/api/v1/getVerticalRoom?limit=20&offset=360)
2018-08-31 16:29:23 [scrapy] DEBUG: Crawled (200) <GET https://rpic.douyucdn.cn/asrpic/180831/5227454_1601.jpg> (referer: http://capi.douyucdn.cn/api/v1/getVerticalRoom?limit=20&offset=360)
2018-08-31 16:29:23 [scrapy] DEBUG: Crawled (200) <GET https://rpic.douyucdn.cn/asrpic/180820/3333949_2231.jpg> (referer: http://capi.douyucdn.cn/api/v1/getVerticalRoom?limit=20&offset=360)
2018-08-31 16:29:23 [scrapy] DEBUG: Crawled (200) <GET https://rpic.douyucdn.cn/live-cover/roomCover/2018/08/06/b117608f1afd5f4ce1a89e85539d3ce0_small.jpg> (referer: http://capi.douyucdn.cn/api/v1/getVerticalRoom?limit=20&offset=340)
2018-08-31 16:29:23 [scrapy] DEBUG: Crawled (200) <GET https://rpic.douyucdn.cn/asrpic/180821/5255178_1852.jpg> (referer: http://capi.douyucdn.cn/api/v1/getVerticalRoom?limit=20&offset=380)
2018-08-31 16:29:23 [scrapy] DEBUG: Crawled (200) <GET http://capi.douyucdn.cn/api/v1/getVerticalRoom?limit=20&offset=440> (referer: http://capi.douyucdn.cn/api/v1/getVerticalRoom?limit=20&offset=420)
2018-08-31 16:29:24 [scrapy] DEBUG: Crawled (200) <GET https://rpic.douyucdn.cn/live-cover/roomCover/2018/08/07/2d13df1fd274385f86195eefa937c7ff_small.jpg> (referer: http://capi.douyucdn.cn/api/v1/getVerticalRoom?limit=20&offset=260)
2018-08-31 16:29:24 [scrapy] DEBUG: Crawled (200) <GET https://rpic.douyucdn.cn/live-cover/roomCover/2018/06/15/3e0e84fbd63d56a7c35b08c6d50b426d_small.jpg> (referer: http://capi.douyucdn.cn/api/v1/getVerticalRoom?limit=20&offset=320)
2018-08-31 16:29:24 [scrapy] DEBUG: Crawled (200) <GET http://capi.douyucdn.cn/api/v1/getVerticalRoom?limit=20&offset=460> (referer: http://capi.douyucdn.cn/api/v1/getVerticalRoom?limit=20&offset=440)
2018-08-31 16:29:25 [scrapy] DEBUG: Crawled (200) <GET https://rpic.douyucdn.cn/live-cover/appCovers/2018/08/27/5322690_20180827124724_big.jpg> (referer: http://capi.douyucdn.cn/api/v1/getVerticalRoom?limit=20&offset=380)
2018-08-31 16:29:25 [scrapy] DEBUG: Crawled (200) <GET https://rpic.douyucdn.cn/asrpic/180831/5395087_1626.jpg> (referer: http://capi.douyucdn.cn/api/v1/getVerticalRoom?limit=20&offset=380)
2018-08-31 16:29:25 [scrapy] DEBUG: Crawled (200) <GET https://rpic.douyucdn.cn/asrpic/180822/5041673_1553.jpg> (referer: http://capi.douyucdn.cn/api/v1/getVerticalRoom?limit=20&offset=420)
2018-08-31 16:29:26 [scrapy] DEBUG: Crawled (200) <GET https://rpic.douyucdn.cn/live-cover/roomCover/2018/08/13/c1efac9d20aae6f3e4c019cf06c41be2_small.png> (referer: http://capi.douyucdn.cn/api/v1/getVerticalRoom?limit=20&offset=400)
2018-08-31 16:29:26 [scrapy] DEBUG: Crawled (200) <GET http://capi.douyucdn.cn/api/v1/getVerticalRoom?limit=20&offset=480> (referer: http://capi.douyucdn.cn/api/v1/getVerticalRoom?limit=20&offset=460)
2018-08-31 16:29:26 [scrapy] DEBUG: Crawled (200) <GET https://rpic.douyucdn.cn/live-cover/appCovers/2018/08/28/5568166_20180828132324_big.jpg> (referer: http://capi.douyucdn.cn/api/v1/getVerticalRoom?limit=20&offset=420)
2018-08-31 16:29:27 [scrapy] DEBUG: Crawled (200) <GET https://rpic.douyucdn.cn/asrpic/180831/5505102_1627.jpg> (referer: http://capi.douyucdn.cn/api/v1/getVerticalRoom?limit=20&offset=420)
2018-08-31 16:29:27 [scrapy] DEBUG: Crawled (200) <GET https://rpic.douyucdn.cn/live-cover/appCovers/2018/08/22/5550760_20180822141803_big.jpg> (referer: http://capi.douyucdn.cn/api/v1/getVerticalRoom?limit=20&offset=400)
2018-08-31 16:29:28 [scrapy] DEBUG: Crawled (200) <GET https://rpic.douyucdn.cn/asrpic/180831/5483128_1627.jpg> (referer: http://capi.douyucdn.cn/api/v1/getVerticalRoom?limit=20&offset=420)
2018-08-31 16:29:29 [scrapy] DEBUG: Crawled (200) <GET http://capi.douyucdn.cn/api/v1/getVerticalRoom?limit=20&offset=500> (referer: http://capi.douyucdn.cn/api/v1/getVerticalRoom?limit=20&offset=480)
2018-08-31 16:29:29 [scrapy] DEBUG: Crawled (200) <GET https://rpic.douyucdn.cn/live-cover/appCovers/2018/08/09/5442713_20180809190016_big.jpg> (referer: http://capi.douyucdn.cn/api/v1/getVerticalRoom?limit=20&offset=440)
2018-08-31 16:29:29 [scrapy] DEBUG: Crawled (200) <GET https://rpic.douyucdn.cn/live-cover/appCovers/2018/08/28/5562155_20180828135447_big.jpg> (referer: http://capi.douyucdn.cn/api/v1/getVerticalRoom?limit=20&offset=420)
2018-08-31 16:29:29 [scrapy] DEBUG: Crawled (200) <GET https://rpic.douyucdn.cn/live-cover/appCovers/2018/08/30/5568284_20180830114538_big.jpg> (referer: http://capi.douyucdn.cn/api/v1/getVerticalRoom?limit=20&offset=420)
2018-08-31 16:29:29 [scrapy] DEBUG: Crawled (200) <GET http://capi.douyucdn.cn/api/v1/getVerticalRoom?limit=20&offset=520> (referer: http://capi.douyucdn.cn/api/v1/getVerticalRoom?limit=20&offset=500)
2018-08-31 16:29:30 [scrapy] DEBUG: Filtered duplicate request: <GET https://rpic.douyucdn.cn/asrpic/180831/1869281_1625.jpg> - no more duplicates will be shown (see DUPEFILTER_DEBUG to show all duplicates)
2018-08-31 16:29:30 [scrapy] DEBUG: Crawled (200) <GET https://rpic.douyucdn.cn/live-cover/roomCover/2018/04/24/147337f283c0f8be05cd87586adce6a2_small.jpg> (referer: http://capi.douyucdn.cn/api/v1/getVerticalRoom?limit=20&offset=320)
2018-08-31 16:29:31 [scrapy] DEBUG: Crawled (200) <GET https://rpic.douyucdn.cn/live-cover/appCovers/2018/08/30/4247362_20180830153154_big.jpg> (referer: http://capi.douyucdn.cn/api/v1/getVerticalRoom?limit=20&offset=460)
2018-08-31 16:29:31 [scrapy] DEBUG: Crawled (200) <GET https://rpic.douyucdn.cn/live-cover/appCovers/2018/08/06/5440704_20180806173733_big.jpg> (referer: http://capi.douyucdn.cn/api/v1/getVerticalRoom?limit=20&offset=460)
2018-08-31 16:29:33 [scrapy] DEBUG: Crawled (200) <GET http://capi.douyucdn.cn/api/v1/getVerticalRoom?limit=20&offset=540> (referer: http://capi.douyucdn.cn/api/v1/getVerticalRoom?limit=20&offset=520)
2018-08-31 16:29:33 [scrapy] DEBUG: Crawled (200) <GET https://rpic.douyucdn.cn/live-cover/appCovers/2018/08/02/5437831_20180802104233_big.jpg> (referer: http://capi.douyucdn.cn/api/v1/getVerticalRoom?limit=20&offset=460)
2018-08-31 16:29:33 [scrapy] DEBUG: Crawled (200) <GET http://capi.douyucdn.cn/api/v1/getVerticalRoom?limit=20&offset=560> (referer: http://capi.douyucdn.cn/api/v1/getVerticalRoom?limit=20&offset=540)
2018-08-31 16:29:33 [scrapy] DEBUG: Crawled (200) <GET https://rpic.douyucdn.cn/asrpic/180831/4496285_1626.jpg> (referer: http://capi.douyucdn.cn/api/v1/getVerticalRoom?limit=20&offset=480)
2018-08-31 16:29:34 [scrapy] DEBUG: Crawled (200) <GET https://rpic.douyucdn.cn/live-cover/appCovers/2018/08/31/5592782_20180831155816_big.jpg> (referer: http://capi.douyucdn.cn/api/v1/getVerticalRoom?limit=20&offset=440)
2018-08-31 16:29:34 [scrapy] DEBUG: Crawled (200) <GET https://rpic.douyucdn.cn/live-cover/roomCover/2018/08/10/f3a73e541e4bb8c01e5fbb7cb11a6c1a_small.jpg> (referer: http://capi.douyucdn.cn/api/v1/getVerticalRoom?limit=20&offset=300)
2018-08-31 16:29:34 [scrapy] DEBUG: Crawled (200) <GET https://rpic.douyucdn.cn/asrpic/180831/5560473_1627.jpg> (referer: http://capi.douyucdn.cn/api/v1/getVerticalRoom?limit=20&offset=500)
2018-08-31 16:29:34 [scrapy] DEBUG: Crawled (200) <GET https://rpic.douyucdn.cn/live-cover/roomCover/2018/07/17/9a2a3ed757d14920d3cfdce598bd837b_small.jpg> (referer: http://capi.douyucdn.cn/api/v1/getVerticalRoom?limit=20&offset=380)
2018-08-31 16:29:35 [scrapy] DEBUG: Crawled (200) <GET https://rpic.douyucdn.cn/asrpic/180831/1869281_1625.jpg> (referer: http://capi.douyucdn.cn/api/v1/getVerticalRoom?limit=20&offset=500)
2018-08-31 16:29:35 [scrapy] DEBUG: Crawled (200) <GET https://rpic.douyucdn.cn/live-cover/appCovers/2018/08/12/5489818_20180812170735_big.jpg> (referer: http://capi.douyucdn.cn/api/v1/getVerticalRoom?limit=20&offset=480)
2018-08-31 16:29:35 [scrapy] DEBUG: Crawled (200) <GET https://rpic.douyucdn.cn/live-cover/appCovers/2018/06/29/5240495_20180629131346_big.jpg> (referer: http://capi.douyucdn.cn/api/v1/getVerticalRoom?limit=20&offset=460)
2018-08-31 16:29:35 [scrapy] DEBUG: Crawled (200) <GET https://rpic.douyucdn.cn/asrpic/180831/4411913_1626.jpg> (referer: http://capi.douyucdn.cn/api/v1/getVerticalRoom?limit=20&offset=520)
2018-08-31 16:29:35 [scrapy] DEBUG: Crawled (200) <GET https://rpic.douyucdn.cn/asrpic/180831/5007157_1400.jpg> (referer: http://capi.douyucdn.cn/api/v1/getVerticalRoom?limit=20&offset=500)
2018-08-31 16:29:35 [scrapy] DEBUG: Crawled (200) <GET https://staticlive.douyucdn.cn/upload/web_pic/default2_thumb.jpg> (referer: http://capi.douyucdn.cn/api/v1/getVerticalRoom?limit=20&offset=540)
2018-08-31 16:29:35 [scrapy] DEBUG: Crawled (200) <GET https://rpic.douyucdn.cn/asrpic/180829/5597454_1349.jpg> (referer: http://capi.douyucdn.cn/api/v1/getVerticalRoom?limit=20&offset=540)
2018-08-31 16:29:35 [scrapy] DEBUG: Crawled (200) <GET https://rpic.douyucdn.cn/live-cover/roomCover/2018/08/19/903e1a1c1f7793ab1c5f8beab94d7c26_small.jpg> (referer: http://capi.douyucdn.cn/api/v1/getVerticalRoom?limit=20&offset=420)
2018-08-31 16:29:35 [scrapy] DEBUG: Crawled (200) <GET https://rpic.douyucdn.cn/asrpic/180831/5260075_1626.jpg> (referer: http://capi.douyucdn.cn/api/v1/getVerticalRoom?limit=20&offset=520)
2018-08-31 16:29:35 [scrapy] DEBUG: Crawled (200) <GET https://rpic.douyucdn.cn/live-cover/appCovers/2018/08/08/5476571_20180808145248_big.jpg> (referer: http://capi.douyucdn.cn/api/v1/getVerticalRoom?limit=20&offset=480)
2018-08-31 16:29:36 [scrapy] DEBUG: Crawled (200) <GET https://rpic.douyucdn.cn/live-cover/appCovers/2018/08/01/5434068_20180801190524_big.jpg> (referer: http://capi.douyucdn.cn/api/v1/getVerticalRoom?limit=20&offset=460)
2018-08-31 16:29:36 [scrapy] DEBUG: Crawled (200) <GET https://rpic.douyucdn.cn/alrpic/171125/1386014_v1651.jpg> (referer: http://capi.douyucdn.cn/api/v1/getVerticalRoom?limit=20&offset=540)
2018-08-31 16:29:36 [scrapy] DEBUG: Crawled (200) <GET https://rpic.douyucdn.cn/asrpic/180831/5158039_1626.jpg> (referer: http://capi.douyucdn.cn/api/v1/getVerticalRoom?limit=20&offset=520)
2018-08-31 16:29:36 [scrapy] DEBUG: Crawled (200) <GET https://rpic.douyucdn.cn/amrpic-180320/4042979_v0757.jpg> (referer: http://capi.douyucdn.cn/api/v1/getVerticalRoom?limit=20&offset=540)
2018-08-31 16:29:36 [scrapy] DEBUG: Crawled (200) <GET https://rpic.douyucdn.cn/asrpic/180831/5608901_1523.jpg> (referer: http://capi.douyucdn.cn/api/v1/getVerticalRoom?limit=20&offset=540)
2018-08-31 16:29:36 [scrapy] DEBUG: Crawled (200) <GET https://rpic.douyucdn.cn/asrpic/180831/4634417_1521.jpg> (referer: http://capi.douyucdn.cn/api/v1/getVerticalRoom?limit=20&offset=540)
2018-08-31 16:29:36 [scrapy] DEBUG: Crawled (200) <GET https://rpic.douyucdn.cn/asrpic/180822/5554732_1940.jpg> (referer: http://capi.douyucdn.cn/api/v1/getVerticalRoom?limit=20&offset=540)
2018-08-31 16:29:36 [scrapy] DEBUG: Crawled (200) <GET https://rpic.douyucdn.cn/asrpic/180831/5576790_1602.jpg> (referer: http://capi.douyucdn.cn/api/v1/getVerticalRoom?limit=20&offset=540)
2018-08-31 16:29:37 [scrapy] DEBUG: Crawled (200) <GET https://rpic.douyucdn.cn/amrpic-180327/4621728_v2150.jpg> (referer: http://capi.douyucdn.cn/api/v1/getVerticalRoom?limit=20&offset=540)
2018-08-31 16:29:37 [scrapy] DEBUG: Crawled (200) <GET https://rpic.douyucdn.cn/asrpic/180831/5421348_1522.jpg> (referer: http://capi.douyucdn.cn/api/v1/getVerticalRoom?limit=20&offset=520)
2018-08-31 16:29:37 [scrapy] DEBUG: Crawled (200) <GET https://rpic.douyucdn.cn/asrpic/180831/5597728_1627.jpg> (referer: http://capi.douyucdn.cn/api/v1/getVerticalRoom?limit=20&offset=520)
2018-08-31 16:29:37 [scrapy] DEBUG: Crawled (200) <GET https://rpic.douyucdn.cn/asrpic/180831/5286365_1606.jpg> (referer: http://capi.douyucdn.cn/api/v1/getVerticalRoom?limit=20&offset=520)
2018-08-31 16:29:37 [scrapy] DEBUG: Crawled (200) <GET https://rpic.douyucdn.cn/asrpic/180831/5452226_1627.jpg> (referer: http://capi.douyucdn.cn/api/v1/getVerticalRoom?limit=20&offset=520)
2018-08-31 16:29:37 [scrapy] DEBUG: Crawled (200) <GET https://rpic.douyucdn.cn/asrpic/180824/3825516_1840.jpg> (referer: http://capi.douyucdn.cn/api/v1/getVerticalRoom?limit=20&offset=520)
2018-08-31 16:29:37 [scrapy] DEBUG: Crawled (200) <GET https://rpic.douyucdn.cn/asrpic/180831/5597895_1627.jpg> (referer: http://capi.douyucdn.cn/api/v1/getVerticalRoom?limit=20&offset=540)
2018-08-31 16:29:37 [scrapy] DEBUG: Crawled (200) <GET https://rpic.douyucdn.cn/asrpic/180831/2493026_1625.jpg> (referer: http://capi.douyucdn.cn/api/v1/getVerticalRoom?limit=20&offset=520)
2018-08-31 16:29:37 [scrapy] DEBUG: Crawled (200) <GET https://rpic.douyucdn.cn/amrpic-180328/1469022_v1502.jpg> (referer: http://capi.douyucdn.cn/api/v1/getVerticalRoom?limit=20&offset=520)
2018-08-31 16:29:37 [scrapy] DEBUG: Crawled (200) <GET https://rpic.douyucdn.cn/amrpic-180201/939466_v1717.jpg> (referer: http://capi.douyucdn.cn/api/v1/getVerticalRoom?limit=20&offset=520)
2018-08-31 16:29:37 [scrapy] DEBUG: Crawled (200) <GET https://rpic.douyucdn.cn/a1706/30/16/2431135_v170630164346.jpg> (referer: http://capi.douyucdn.cn/api/v1/getVerticalRoom?limit=20&offset=520)
2018-08-31 16:29:38 [scrapy] DEBUG: Crawled (200) <GET https://rpic.douyucdn.cn/amrpic-180403/859122_v1700.jpg> (referer: http://capi.douyucdn.cn/api/v1/getVerticalRoom?limit=20&offset=520)
2018-08-31 16:29:38 [scrapy] DEBUG: Crawled (200) <GET https://rpic.douyucdn.cn/asrpic/180831/3599435_1625.jpg> (referer: http://capi.douyucdn.cn/api/v1/getVerticalRoom?limit=20&offset=520)
2018-08-31 16:29:38 [scrapy] DEBUG: Crawled (200) <GET https://rpic.douyucdn.cn/asrpic/8a3fd373ac336140b8a044a82e768522385d803d.jpg> (referer: http://capi.douyucdn.cn/api/v1/getVerticalRoom?limit=20&offset=500)
2018-08-31 16:29:38 [scrapy] DEBUG: Crawled (200) <GET https://rpic.douyucdn.cn/asrpic/180831/2147430_1625.jpg> (referer: http://capi.douyucdn.cn/api/v1/getVerticalRoom?limit=20&offset=520)
2018-08-31 16:29:38 [scrapy] DEBUG: Crawled (200) <GET https://rpic.douyucdn.cn/asrpic/180831/5595146_1627.jpg> (referer: http://capi.douyucdn.cn/api/v1/getVerticalRoom?limit=20&offset=500)
2018-08-31 16:29:39 [scrapy] DEBUG: Crawled (200) <GET https://rpic.douyucdn.cn/asrpic/180831/3699677_1625.jpg> (referer: http://capi.douyucdn.cn/api/v1/getVerticalRoom?limit=20&offset=520)
2018-08-31 16:29:39 [scrapy] DEBUG: Crawled (200) <GET https://rpic.douyucdn.cn/asrpic/180831/5309671_1626.jpg> (referer: http://capi.douyucdn.cn/api/v1/getVerticalRoom?limit=20&offset=500)
2018-08-31 16:29:39 [scrapy] DEBUG: Crawled (200) <GET https://rpic.douyucdn.cn/asrpic/180829/4884035_2225.jpg> (referer: http://capi.douyucdn.cn/api/v1/getVerticalRoom?limit=20&offset=500)
2018-08-31 16:29:39 [scrapy] DEBUG: Crawled (200) <GET https://rpic.douyucdn.cn/asrpic/180831/5605272_1627.jpg> (referer: http://capi.douyucdn.cn/api/v1/getVerticalRoom?limit=20&offset=500)
2018-08-31 16:29:39 [scrapy] DEBUG: Crawled (200) <GET https://rpic.douyucdn.cn/asrpic/180831/460740_1624.jpg> (referer: http://capi.douyucdn.cn/api/v1/getVerticalRoom?limit=20&offset=500)
2018-08-31 16:29:39 [scrapy] DEBUG: Crawled (200) <GET https://rpic.douyucdn.cn/asrpic/180831/1218139_1625.jpg> (referer: http://capi.douyucdn.cn/api/v1/getVerticalRoom?limit=20&offset=500)
2018-08-31 16:29:39 [scrapy] DEBUG: Crawled (200) <GET https://rpic.douyucdn.cn/asrpic/180831/3482134_1625.jpg> (referer: http://capi.douyucdn.cn/api/v1/getVerticalRoom?limit=20&offset=500)
2018-08-31 16:29:40 [scrapy] DEBUG: Crawled (200) <GET https://rpic.douyucdn.cn/live-cover/appCovers/2018/03/11/2447823_20180311192833_big.jpg> (referer: http://capi.douyucdn.cn/api/v1/getVerticalRoom?limit=20&offset=500)
2018-08-31 16:29:40 [scrapy] DEBUG: Crawled (200) <GET https://rpic.douyucdn.cn/asrpic/180831/5604506_1627.jpg> (referer: http://capi.douyucdn.cn/api/v1/getVerticalRoom?limit=20&offset=500)
2018-08-31 16:29:40 [scrapy] DEBUG: Crawled (200) <GET https://rpic.douyucdn.cn/asrpic/180831/5603041_1627.jpg> (referer: http://capi.douyucdn.cn/api/v1/getVerticalRoom?limit=20&offset=520)
2018-08-31 16:29:41 [scrapy] DEBUG: Crawled (200) <GET https://rpic.douyucdn.cn/live-cover/appCovers/2018/08/31/5569515_20180831141434_big.jpg> (referer: http://capi.douyucdn.cn/api/v1/getVerticalRoom?limit=20&offset=500)
2018-08-31 16:29:41 [scrapy] DEBUG: Crawled (200) <GET https://rpic.douyucdn.cn/live-cover/appCovers/2018/07/17/952551_20180717133049_big.jpg> (referer: http://capi.douyucdn.cn/api/v1/getVerticalRoom?limit=20&offset=500)
2018-08-31 16:29:41 [scrapy] INFO: Crawled 174 pages (at 174 pages/min), scraped 0 items (at 0 items/min)
2018-08-31 16:29:41 [scrapy] DEBUG: Crawled (200) <GET https://rpic.douyucdn.cn/live-cover/appCovers/2018/08/27/5585409_20180827134642_big.jpg> (referer: http://capi.douyucdn.cn/api/v1/getVerticalRoom?limit=20&offset=500)
2018-08-31 16:29:41 [scrapy] DEBUG: Crawled (200) <GET https://rpic.douyucdn.cn/live-cover/appCovers/2018/08/30/5604736_20180830181332_big.jpg> (referer: http://capi.douyucdn.cn/api/v1/getVerticalRoom?limit=20&offset=500)
2018-08-31 16:29:41 [scrapy] DEBUG: Crawled (200) <GET https://rpic.douyucdn.cn/asrpic/180831/2998440_1625.jpg> (referer: http://capi.douyucdn.cn/api/v1/getVerticalRoom?limit=20&offset=480)
2018-08-31 16:29:42 [scrapy] DEBUG: Crawled (200) <GET https://rpic.douyucdn.cn/asrpic/180831/5466956_1627.jpg> (referer: http://capi.douyucdn.cn/api/v1/getVerticalRoom?limit=20&offset=480)
2018-08-31 16:29:42 [scrapy] DEBUG: Crawled (200) <GET https://rpic.douyucdn.cn/live-cover/appCovers/2018/08/31/5608914_20180831132543_big.jpg> (referer: http://capi.douyucdn.cn/api/v1/getVerticalRoom?limit=20&offset=500)
2018-08-31 16:29:42 [scrapy] DEBUG: Crawled (200) <GET https://rpic.douyucdn.cn/asrpic/180831/4506207_1626.jpg> (referer: http://capi.douyucdn.cn/api/v1/getVerticalRoom?limit=20&offset=480)
2018-08-31 16:29:43 [scrapy] DEBUG: Crawled (200) <GET https://rpic.douyucdn.cn/asrpic/180831/5572128_1627.jpg> (referer: http://capi.douyucdn.cn/api/v1/getVerticalRoom?limit=20&offset=480)
2018-08-31 16:29:43 [scrapy] DEBUG: Crawled (200) <GET https://rpic.douyucdn.cn/live-cover/appCovers/2018/08/31/5575603_20180831145244_big.jpg> (referer: http://capi.douyucdn.cn/api/v1/getVerticalRoom?limit=20&offset=480)
2018-08-31 16:29:44 [scrapy] DEBUG: Crawled (200) <GET https://rpic.douyucdn.cn/live-cover/appCovers/2018/08/31/5559145_20180831162043_big.jpg> (referer: http://capi.douyucdn.cn/api/v1/getVerticalRoom?limit=20&offset=480)
2018-08-31 16:29:44 [scrapy] DEBUG: Crawled (200) <GET https://rpic.douyucdn.cn/live-cover/appCovers/2018/07/17/5231449_20180717104340_big.jpg> (referer: http://capi.douyucdn.cn/api/v1/getVerticalRoom?limit=20&offset=480)
2018-08-31 16:29:45 [scrapy] DEBUG: Crawled (200) <GET https://rpic.douyucdn.cn/live-cover/appCovers/2018/08/30/5597696_20180830151118_big.jpg> (referer: http://capi.douyucdn.cn/api/v1/getVerticalRoom?limit=20&offset=480)
2018-08-31 16:29:45 [scrapy] DEBUG: Crawled (200) <GET https://rpic.douyucdn.cn/live-cover/appCovers/2018/08/30/5585547_20180830155356_big.jpg> (referer: http://capi.douyucdn.cn/api/v1/getVerticalRoom?limit=20&offset=480)
2018-08-31 16:29:45 [scrapy] DEBUG: Crawled (200) <GET https://rpic.douyucdn.cn/live-cover/appCovers/2018/08/12/5419937_20180812145151_big.jpg> (referer: http://capi.douyucdn.cn/api/v1/getVerticalRoom?limit=20&offset=480)
2018-08-31 16:29:47 [scrapy] DEBUG: Crawled (200) <GET https://rpic.douyucdn.cn/live-cover/appCovers/2018/08/31/587248_20180831151325_big.jpg> (referer: http://capi.douyucdn.cn/api/v1/getVerticalRoom?limit=20&offset=500)
2018-08-31 16:29:47 [scrapy] DEBUG: Crawled (200) <GET https://rpic.douyucdn.cn/live-cover/appCovers/2018/08/29/5598094_20180829153333_big.jpg> (referer: http://capi.douyucdn.cn/api/v1/getVerticalRoom?limit=20&offset=480)
2018-08-31 16:29:47 [scrapy] DEBUG: Crawled (200) <GET https://rpic.douyucdn.cn/asrpic/180831/1530721_1625.jpg> (referer: http://capi.douyucdn.cn/api/v1/getVerticalRoom?limit=20&offset=480)
2018-08-31 16:29:47 [scrapy] DEBUG: Crawled (200) <GET https://rpic.douyucdn.cn/live-cover/appCovers/2018/08/29/5382677_20180829155745_big.jpg> (referer: http://capi.douyucdn.cn/api/v1/getVerticalRoom?limit=20&offset=480)
2018-08-31 16:29:48 [scrapy] DEBUG: Crawled (200) <GET https://rpic.douyucdn.cn/live-cover/appCovers/2018/08/30/5598381_20180830154347_big.jpg> (referer: http://capi.douyucdn.cn/api/v1/getVerticalRoom?limit=20&offset=480)
2018-08-31 16:29:49 [scrapy] DEBUG: Crawled (200) <GET https://rpic.douyucdn.cn/live-cover/appCovers/2018/08/26/5572567_20180826003412_big.jpg> (referer: http://capi.douyucdn.cn/api/v1/getVerticalRoom?limit=20&offset=460)
2018-08-31 16:29:49 [scrapy] DEBUG: Crawled (200) <GET https://rpic.douyucdn.cn/appCovers/2017/08/11/2582840_20170811165336_big.jpg> (referer: http://capi.douyucdn.cn/api/v1/getVerticalRoom?limit=20&offset=480)
2018-08-31 16:29:49 [scrapy] DEBUG: Crawled (200) <GET https://rpic.douyucdn.cn/live-cover/appCovers/2018/08/27/5494578_20180827193132_big.jpg> (referer: http://capi.douyucdn.cn/api/v1/getVerticalRoom?limit=20&offset=460)
2018-08-31 16:29:49 [scrapy] DEBUG: Crawled (200) <GET https://rpic.douyucdn.cn/appCovers/760631/20160707/baf73b037f94c319f467050e2f26b890_big.jpg> (referer: http://capi.douyucdn.cn/api/v1/getVerticalRoom?limit=20&offset=500)
2018-08-31 16:29:49 [scrapy] DEBUG: Crawled (200) <GET https://rpic.douyucdn.cn/live-cover/appCovers/2018/08/27/5586672_20180827173423_big.jpg> (referer: http://capi.douyucdn.cn/api/v1/getVerticalRoom?limit=20&offset=460)
2018-08-31 16:29:49 [scrapy] DEBUG: Crawled (200) <GET https://rpic.douyucdn.cn/live-cover/appCovers/2018/05/28/3898702_20180528204230_big.jpg> (referer: http://capi.douyucdn.cn/api/v1/getVerticalRoom?limit=20&offset=460)
2018-08-31 16:29:51 [scrapy] DEBUG: Crawled (200) <GET https://rpic.douyucdn.cn/live-cover/appCovers/2018/08/31/5608095_20180831121533_big.jpg> (referer: http://capi.douyucdn.cn/api/v1/getVerticalRoom?limit=20&offset=460)
2018-08-31 16:29:51 [scrapy] DEBUG: Crawled (200) <GET https://rpic.douyucdn.cn/live-cover/appCovers/2018/08/29/5599182_20180829204623_big.jpg> (referer: http://capi.douyucdn.cn/api/v1/getVerticalRoom?limit=20&offset=460)
2018-08-31 16:29:51 [scrapy] DEBUG: Crawled (200) <GET https://rpic.douyucdn.cn/live-cover/appCovers/2018/08/25/4518331_20180825132113_big.jpg> (referer: http://capi.douyucdn.cn/api/v1/getVerticalRoom?limit=20&offset=460)
2018-08-31 16:29:52 [scrapy] DEBUG: Crawled (200) <GET https://rpic.douyucdn.cn/asrpic/180831/4267777_1625.jpg> (referer: http://capi.douyucdn.cn/api/v1/getVerticalRoom?limit=20&offset=460)
2018-08-31 16:29:52 [scrapy] DEBUG: Crawled (200) <GET https://rpic.douyucdn.cn/live-cover/appCovers/2018/07/31/5408928_20180731221500_big.jpg> (referer: http://capi.douyucdn.cn/api/v1/getVerticalRoom?limit=20&offset=460)
2018-08-31 16:29:53 [scrapy] DEBUG: Crawled (200) <GET https://rpic.douyucdn.cn/live-cover/appCovers/2018/08/30/1320004_20180830132845_big.jpg> (referer: http://capi.douyucdn.cn/api/v1/getVerticalRoom?limit=20&offset=460)
2018-08-31 16:29:53 [scrapy] DEBUG: Crawled (200) <GET https://rpic.douyucdn.cn/live-cover/appCovers/2018/08/22/5558768_20180822212239_big.jpg> (referer: http://capi.douyucdn.cn/api/v1/getVerticalRoom?limit=20&offset=460)
2018-08-31 16:29:53 [scrapy] DEBUG: Crawled (200) <GET https://rpic.douyucdn.cn/live-cover/appCovers/2018/08/26/5580448_20180826165406_big.jpg> (referer: http://capi.douyucdn.cn/api/v1/getVerticalRoom?limit=20&offset=460)
2018-08-31 16:29:53 [scrapy] DEBUG: Crawled (200) <GET https://rpic.douyucdn.cn/live-cover/appCovers/2018/08/29/5579399_20180829150225_big.jpg> (referer: http://capi.douyucdn.cn/api/v1/getVerticalRoom?limit=20&offset=460)
2018-08-31 16:29:54 [scrapy] DEBUG: Crawled (200) <GET https://rpic.douyucdn.cn/live-cover/appCovers/2018/08/30/5597749_20180830151135_big.jpg> (referer: http://capi.douyucdn.cn/api/v1/getVerticalRoom?limit=20&offset=440)
2018-08-31 16:29:54 [scrapy] DEBUG: Crawled (200) <GET https://rpic.douyucdn.cn/live-cover/appCovers/2018/08/30/5551985_20180830090135_big.jpg> (referer: http://capi.douyucdn.cn/api/v1/getVerticalRoom?limit=20&offset=460)
2018-08-31 16:29:54 [scrapy] DEBUG: Crawled (200) <GET https://rpic.douyucdn.cn/live-cover/appCovers/2018/08/26/1976574_20180826220458_big.jpg> (referer: http://capi.douyucdn.cn/api/v1/getVerticalRoom?limit=20&offset=440)
2018-08-31 16:29:56 [scrapy] DEBUG: Crawled (200) <GET https://rpic.douyucdn.cn/live-cover/roomCover/2018/08/31/76a70fbade036a046985c97a4a370586_small.jpg> (referer: http://capi.douyucdn.cn/api/v1/getVerticalRoom?limit=20&offset=440)
2018-08-31 16:29:57 [scrapy] DEBUG: Crawled (200) <GET https://rpic.douyucdn.cn/live-cover/roomCover/2018/08/26/f83bb95d166c84a59ad3abf7d6ff5f1f_small.jpg> (referer: http://capi.douyucdn.cn/api/v1/getVerticalRoom?limit=20&offset=480)
2018-08-31 16:29:58 [scrapy] DEBUG: Crawled (200) <GET https://rpic.douyucdn.cn/live-cover/appCovers/2018/08/30/5545178_20180830010214_big.jpg> (referer: http://capi.douyucdn.cn/api/v1/getVerticalRoom?limit=20&offset=440)
2018-08-31 16:29:58 [scrapy] DEBUG: Crawled (200) <GET https://rpic.douyucdn.cn/live-cover/appCovers/2018/08/29/5536777_20180829181148_big.jpg> (referer: http://capi.douyucdn.cn/api/v1/getVerticalRoom?limit=20&offset=440)
2018-08-31 16:29:58 [scrapy] DEBUG: Crawled (200) <GET https://rpic.douyucdn.cn/live-cover/appCovers/2018/08/23/5565185_20180823195111_big.jpg> (referer: http://capi.douyucdn.cn/api/v1/getVerticalRoom?limit=20&offset=440)
2018-08-31 16:29:59 [scrapy] DEBUG: Crawled (200) <GET https://rpic.douyucdn.cn/live-cover/appCovers/2018/08/30/5575292_20180830210326_big.jpg> (referer: http://capi.douyucdn.cn/api/v1/getVerticalRoom?limit=20&offset=440)
2018-08-31 16:30:00 [scrapy] DEBUG: Crawled (200) <GET https://rpic.douyucdn.cn/live-cover/appCovers/2018/08/30/5569748_20180830131010_big.jpg> (referer: http://capi.douyucdn.cn/api/v1/getVerticalRoom?limit=20&offset=440)
2018-08-31 16:30:02 [scrapy] DEBUG: Crawled (200) <GET https://rpic.douyucdn.cn/live-cover/roomCover/2018/08/29/7631fbb7f2e7a84c937bd6408b614b1e_small.jpg> (referer: http://capi.douyucdn.cn/api/v1/getVerticalRoom?limit=20&offset=440)
2018-08-31 16:30:02 [scrapy] DEBUG: Crawled (200) <GET https://rpic.douyucdn.cn/live-cover/appCovers/2018/06/09/3725840_20180609164924_big.jpg> (referer: http://capi.douyucdn.cn/api/v1/getVerticalRoom?limit=20&offset=440)
2018-08-31 16:30:02 [scrapy] DEBUG: Crawled (200) <GET https://rpic.douyucdn.cn/live-cover/roomCover/2018/07/23/d8c31a9f9bde7e2b5984af4add71eb00_small.jpg> (referer: http://capi.douyucdn.cn/api/v1/getVerticalRoom?limit=20&offset=440)
2018-08-31 16:30:04 [scrapy] DEBUG: Crawled (200) <GET https://rpic.douyucdn.cn/asrpic/180831/630090_1624.jpg> (referer: http://capi.douyucdn.cn/api/v1/getVerticalRoom?limit=20&offset=440)
2018-08-31 16:30:04 [scrapy] DEBUG: Crawled (200) <GET https://rpic.douyucdn.cn/live-cover/appCovers/2018/08/31/5539080_20180831160322_big.jpg> (referer: http://capi.douyucdn.cn/api/v1/getVerticalRoom?limit=20&offset=440)
2018-08-31 16:30:04 [scrapy] DEBUG: Crawled (200) <GET https://rpic.douyucdn.cn/live-cover/roomCover/2018/08/13/f88321ce09e08ff7723f2f42e7be2739_small.jpg> (referer: http://capi.douyucdn.cn/api/v1/getVerticalRoom?limit=20&offset=440)
2018-08-31 16:30:04 [scrapy] DEBUG: Crawled (200) <GET https://rpic.douyucdn.cn/live-cover/appCovers/2018/08/28/5142564_20180828152614_big.jpg> (referer: http://capi.douyucdn.cn/api/v1/getVerticalRoom?limit=20&offset=440)
2018-08-31 16:30:05 [scrapy] DEBUG: Crawled (200) <GET https://rpic.douyucdn.cn/live-cover/appCovers/2018/08/29/5119476_20180829141007_big.jpg> (referer: http://capi.douyucdn.cn/api/v1/getVerticalRoom?limit=20&offset=440)
2018-08-31 16:30:05 [scrapy] DEBUG: Crawled (200) <GET https://rpic.douyucdn.cn/live-cover/appCovers/2018/03/08/2768239_20180308190514_big.jpg> (referer: http://capi.douyucdn.cn/api/v1/getVerticalRoom?limit=20&offset=460)
2018-08-31 16:30:06 [scrapy] DEBUG: Crawled (200) <GET https://rpic.douyucdn.cn/asrpic/180831/5564923_1627.jpg> (referer: http://capi.douyucdn.cn/api/v1/getVerticalRoom?limit=20&offset=440)
2018-08-31 16:30:06 [scrapy] DEBUG: Crawled (200) <GET https://rpic.douyucdn.cn/asrpic/180831/5558344_1432.jpg> (referer: http://capi.douyucdn.cn/api/v1/getVerticalRoom?limit=20&offset=420)
2018-08-31 16:30:06 [scrapy] DEBUG: Crawled (200) <GET https://rpic.douyucdn.cn/live-cover/appCovers/2018/08/31/3532387_20180831013323_big.jpg> (referer: http://capi.douyucdn.cn/api/v1/getVerticalRoom?limit=20&offset=420)
2018-08-31 16:30:06 [scrapy] DEBUG: Crawled (200) <GET https://rpic.douyucdn.cn/live-cover/appCovers/2018/08/31/5586871_20180831155040_big.jpg> (referer: http://capi.douyucdn.cn/api/v1/getVerticalRoom?limit=20&offset=420)
2018-08-31 16:30:07 [scrapy] DEBUG: Crawled (200) <GET https://rpic.douyucdn.cn/asrpic/180831/5562646_1627.jpg> (referer: http://capi.douyucdn.cn/api/v1/getVerticalRoom?limit=20&offset=420)
2018-08-31 16:30:07 [scrapy] DEBUG: Crawled (200) <GET https://rpic.douyucdn.cn/asrpic/180831/5593105_1627.jpg> (referer: http://capi.douyucdn.cn/api/v1/getVerticalRoom?limit=20&offset=420)
2018-08-31 16:30:07 [scrapy] DEBUG: Crawled (200) <GET https://rpic.douyucdn.cn/live-cover/appCovers/2018/08/26/5580962_20180826175554_big.jpg> (referer: http://capi.douyucdn.cn/api/v1/getVerticalRoom?limit=20&offset=420)
2018-08-31 16:30:07 [scrapy] DEBUG: Crawled (200) <GET https://rpic.douyucdn.cn/live-cover/roomCover/2018/08/13/ec27fa60354110c2db387d3eb37dbe73_small.jpg> (referer: http://capi.douyucdn.cn/api/v1/getVerticalRoom?limit=20&offset=440)
2018-08-31 16:30:08 [scrapy] DEBUG: Crawled (200) <GET https://rpic.douyucdn.cn/live-cover/roomCover/2018/08/28/4fb2264d4f301bcc6163b83f42e2699b_small.jpg> (referer: http://capi.douyucdn.cn/api/v1/getVerticalRoom?limit=20&offset=480)
2018-08-31 16:30:08 [scrapy] DEBUG: Crawled (200) <GET https://rpic.douyucdn.cn/live-cover/appCovers/2018/08/30/5471861_20180830234015_big.jpg> (referer: http://capi.douyucdn.cn/api/v1/getVerticalRoom?limit=20&offset=420)
2018-08-31 16:30:08 [scrapy] DEBUG: Crawled (200) <GET https://rpic.douyucdn.cn/live-cover/appCovers/2018/08/31/5608524_20180831150025_big.jpg> (referer: http://capi.douyucdn.cn/api/v1/getVerticalRoom?limit=20&offset=420)
2018-08-31 16:30:09 [scrapy] DEBUG: Crawled (200) <GET https://rpic.douyucdn.cn/asrpic/180829/4488385_0657.jpg> (referer: http://capi.douyucdn.cn/api/v1/getVerticalRoom?limit=20&offset=420)
2018-08-31 16:30:09 [scrapy] DEBUG: Crawled (200) <GET https://rpic.douyucdn.cn/asrpic/180831/5475764_1627.jpg> (referer: http://capi.douyucdn.cn/api/v1/getVerticalRoom?limit=20&offset=400)
2018-08-31 16:30:09 [scrapy] DEBUG: Crawled (200) <GET https://rpic.douyucdn.cn/live-cover/roomCover/2018/08/29/1f6318d35f8e83afdd5e5c7a36c5aacc_small.jpg> (referer: http://capi.douyucdn.cn/api/v1/getVerticalRoom?limit=20&offset=420)
2018-08-31 16:30:09 [scrapy] DEBUG: Crawled (200) <GET https://rpic.douyucdn.cn/live-cover/appCovers/2018/04/22/3789555_20180422153555_big.jpg> (referer: http://capi.douyucdn.cn/api/v1/getVerticalRoom?limit=20&offset=400)
2018-08-31 16:30:10 [scrapy] DEBUG: Crawled (200) <GET https://rpic.douyucdn.cn/asrpic/180831/4832006_1626.jpg> (referer: http://capi.douyucdn.cn/api/v1/getVerticalRoom?limit=20&offset=400)
2018-08-31 16:30:10 [scrapy] DEBUG: Crawled (200) <GET https://rpic.douyucdn.cn/live-cover/appCovers/2018/08/23/5546395_20180823003425_big.jpg> (referer: http://capi.douyucdn.cn/api/v1/getVerticalRoom?limit=20&offset=400)
2018-08-31 16:30:11 [scrapy] DEBUG: Crawled (200) <GET https://rpic.douyucdn.cn/asrpic/180831/4181290_1445.jpg> (referer: http://capi.douyucdn.cn/api/v1/getVerticalRoom?limit=20&offset=400)
2018-08-31 16:30:11 [scrapy] DEBUG: Crawled (200) <GET https://rpic.douyucdn.cn/asrpic/180831/5472445_1627.jpg> (referer: http://capi.douyucdn.cn/api/v1/getVerticalRoom?limit=20&offset=420)
2018-08-31 16:30:11 [scrapy] DEBUG: Crawled (200) <GET https://rpic.douyucdn.cn/live-cover/appCovers/2018/08/29/5586401_20180829141014_big.jpg> (referer: http://capi.douyucdn.cn/api/v1/getVerticalRoom?limit=20&offset=400)
2018-08-31 16:30:11 [scrapy] DEBUG: Crawled (200) <GET https://rpic.douyucdn.cn/asrpic/180831/5561012_1627.jpg> (referer: http://capi.douyucdn.cn/api/v1/getVerticalRoom?limit=20&offset=400)
2018-08-31 16:30:12 [scrapy] DEBUG: Crawled (200) <GET https://rpic.douyucdn.cn/live-cover/appCovers/2018/08/28/5580765_20180828203559_big.jpg> (referer: http://capi.douyucdn.cn/api/v1/getVerticalRoom?limit=20&offset=420)
2018-08-31 16:30:13 [scrapy] DEBUG: Crawled (200) <GET https://rpic.douyucdn.cn/live-cover/appCovers/2018/08/20/4775035_20180820162230_big.jpg> (referer: http://capi.douyucdn.cn/api/v1/getVerticalRoom?limit=20&offset=400)
2018-08-31 16:30:13 [scrapy] DEBUG: Crawled (200) <GET https://rpic.douyucdn.cn/asrpic/180831/5529435_1622.jpg> (referer: http://capi.douyucdn.cn/api/v1/getVerticalRoom?limit=20&offset=400)
2018-08-31 16:30:13 [scrapy] DEBUG: Crawled (200) <GET https://rpic.douyucdn.cn/asrpic/180806/5133022_2156.jpg> (referer: http://capi.douyucdn.cn/api/v1/getVerticalRoom?limit=20&offset=400)
2018-08-31 16:30:14 [scrapy] DEBUG: Crawled (200) <GET https://rpic.douyucdn.cn/asrpic/180831/4280317_1545.jpg> (referer: http://capi.douyucdn.cn/api/v1/getVerticalRoom?limit=20&offset=400)
2018-08-31 16:30:14 [scrapy] DEBUG: Crawled (200) <GET https://rpic.douyucdn.cn/live-cover/appCovers/2018/08/30/5597955_20180830110906_big.jpg> (referer: http://capi.douyucdn.cn/api/v1/getVerticalRoom?limit=20&offset=400)
2018-08-31 16:30:14 [scrapy] DEBUG: Crawled (200) <GET https://rpic.douyucdn.cn/asrpic/180823/5461531_2256.jpg> (referer: http://capi.douyucdn.cn/api/v1/getVerticalRoom?limit=20&offset=400)
2018-08-31 16:30:14 [scrapy] DEBUG: Crawled (200) <GET https://rpic.douyucdn.cn/live-cover/appCovers/2018/08/29/5477113_20180829234555_big.jpg> (referer: http://capi.douyucdn.cn/api/v1/getVerticalRoom?limit=20&offset=400)
2018-08-31 16:30:15 [scrapy] DEBUG: Crawled (200) <GET https://rpic.douyucdn.cn/live-cover/appCovers/2018/08/30/5258849_20180830152008_big.jpg> (referer: http://capi.douyucdn.cn/api/v1/getVerticalRoom?limit=20&offset=400)
2018-08-31 16:30:15 [scrapy] DEBUG: Crawled (200) <GET https://rpic.douyucdn.cn/live-cover/roomCover/2018/08/31/c5c35c3548b1313c24d09c6dafe19ee2_small.jpg> (referer: http://capi.douyucdn.cn/api/v1/getVerticalRoom?limit=20&offset=400)
2018-08-31 16:30:16 [scrapy] DEBUG: Crawled (200) <GET https://rpic.douyucdn.cn/live-cover/roomCover/2018/08/13/ad52499fc598723e6490155f109a1963_small.jpg> (referer: http://capi.douyucdn.cn/api/v1/getVerticalRoom?limit=20&offset=420)
2018-08-31 16:30:16 [scrapy] DEBUG: Crawled (200) <GET https://rpic.douyucdn.cn/live-cover/roomCover/2018/08/27/a39cf076902ef129c45e36ddb4425e49_small.jpg> (referer: http://capi.douyucdn.cn/api/v1/getVerticalRoom?limit=20&offset=400)
2018-08-31 16:30:17 [scrapy] DEBUG: Crawled (200) <GET https://rpic.douyucdn.cn/asrpic/180831/5476565_1627.jpg> (referer: http://capi.douyucdn.cn/api/v1/getVerticalRoom?limit=20&offset=380)
2018-08-31 16:30:17 [scrapy] DEBUG: Crawled (200) <GET https://rpic.douyucdn.cn/live-cover/appCovers/2018/08/29/5596754_20180829113122_big.jpg> (referer: http://capi.douyucdn.cn/api/v1/getVerticalRoom?limit=20&offset=380)
2018-08-31 16:30:17 [scrapy] DEBUG: Crawled (200) <GET https://rpic.douyucdn.cn/asrpic/180831/5477007_1627.jpg> (referer: http://capi.douyucdn.cn/api/v1/getVerticalRoom?limit=20&offset=380)
2018-08-31 16:30:17 [scrapy] DEBUG: Crawled (200) <GET https://rpic.douyucdn.cn/live-cover/appCovers/2018/08/25/5516419_20180825150747_big.jpg> (referer: http://capi.douyucdn.cn/api/v1/getVerticalRoom?limit=20&offset=380)
2018-08-31 16:30:18 [scrapy] DEBUG: Crawled (200) <GET https://rpic.douyucdn.cn/live-cover/appCovers/2018/08/28/4149834_20180828163139_big.jpg> (referer: http://capi.douyucdn.cn/api/v1/getVerticalRoom?limit=20&offset=380)
2018-08-31 16:30:19 [scrapy] DEBUG: Crawled (200) <GET https://rpic.douyucdn.cn/asrpic/180831/5055640_1626.jpg> (referer: http://capi.douyucdn.cn/api/v1/getVerticalRoom?limit=20&offset=380)
2018-08-31 16:30:19 [scrapy] DEBUG: Crawled (200) <GET https://rpic.douyucdn.cn/live-cover/appCovers/2018/08/26/5360005_20180826200836_big.jpg> (referer: http://capi.douyucdn.cn/api/v1/getVerticalRoom?limit=20&offset=380)
2018-08-31 16:30:19 [scrapy] DEBUG: Crawled (200) <GET https://rpic.douyucdn.cn/live-cover/appCovers/2018/08/16/5349014_20180816001509_big.jpg> (referer: http://capi.douyucdn.cn/api/v1/getVerticalRoom?limit=20&offset=380)
2018-08-31 16:30:19 [scrapy] DEBUG: Crawled (200) <GET https://rpic.douyucdn.cn/live-cover/appCovers/2018/08/30/5564215_20180830222410_big.jpg> (referer: http://capi.douyucdn.cn/api/v1/getVerticalRoom?limit=20&offset=380)
2018-08-31 16:30:20 [scrapy] DEBUG: Crawled (200) <GET https://rpic.douyucdn.cn/live-cover/appCovers/2018/08/10/5488000_20180810154350_big.jpg> (referer: http://capi.douyucdn.cn/api/v1/getVerticalRoom?limit=20&offset=380)
2018-08-31 16:30:21 [scrapy] DEBUG: Crawled (200) <GET https://rpic.douyucdn.cn/live-cover/roomCover/2018/08/26/500f8aa6fda3488113be4321e66f2709_small.jpg> (referer: http://capi.douyucdn.cn/api/v1/getVerticalRoom?limit=20&offset=400)
2018-08-31 16:30:22 [scrapy] DEBUG: Crawled (200) <GET https://rpic.douyucdn.cn/live-cover/appCovers/2018/07/20/5283077_20180720215312_big.jpg> (referer: http://capi.douyucdn.cn/api/v1/getVerticalRoom?limit=20&offset=360)
2018-08-31 16:30:22 [scrapy] DEBUG: Crawled (200) <GET https://rpic.douyucdn.cn/live-cover/appCovers/2018/08/22/5556344_20180822180320_big.jpg> (referer: http://capi.douyucdn.cn/api/v1/getVerticalRoom?limit=20&offset=380)
2018-08-31 16:30:23 [scrapy] DEBUG: Crawled (200) <GET https://rpic.douyucdn.cn/live-cover/appCovers/2018/07/02/3688608_20180702205211_big.jpg> (referer: http://capi.douyucdn.cn/api/v1/getVerticalRoom?limit=20&offset=360)
2018-08-31 16:30:25 [scrapy] DEBUG: Crawled (200) <GET https://rpic.douyucdn.cn/live-cover/appCovers/2018/07/19/5313989_20180719155954_big.jpg> (referer: http://capi.douyucdn.cn/api/v1/getVerticalRoom?limit=20&offset=360)
2018-08-31 16:30:25 [scrapy] DEBUG: Crawled (200) <GET https://rpic.douyucdn.cn/live-cover/appCovers/2018/08/04/5352587_20180804041244_big.jpg> (referer: http://capi.douyucdn.cn/api/v1/getVerticalRoom?limit=20&offset=360)
2018-08-31 16:30:25 [scrapy] DEBUG: Crawled (200) <GET https://rpic.douyucdn.cn/live-cover/appCovers/2018/05/15/4939920_20180515164152_big.jpg> (referer: http://capi.douyucdn.cn/api/v1/getVerticalRoom?limit=20&offset=380)
2018-08-31 16:30:26 [scrapy] DEBUG: Crawled (200) <GET https://rpic.douyucdn.cn/live-cover/appCovers/2018/08/02/5443116_20180802192610_big.jpg> (referer: http://capi.douyucdn.cn/api/v1/getVerticalRoom?limit=20&offset=360)
2018-08-31 16:30:27 [scrapy] DEBUG: Crawled (200) <GET https://rpic.douyucdn.cn/live-cover/roomCover/2018/08/02/48e589faeaa8ee38734506358e37513e_small.jpg> (referer: http://capi.douyucdn.cn/api/v1/getVerticalRoom?limit=20&offset=380)
2018-08-31 16:30:27 [scrapy] DEBUG: Crawled (200) <GET https://rpic.douyucdn.cn/asrpic/180831/4622287_1626.jpg> (referer: http://capi.douyucdn.cn/api/v1/getVerticalRoom?limit=20&offset=360)
2018-08-31 16:30:28 [scrapy] DEBUG: Crawled (200) <GET https://rpic.douyucdn.cn/live-cover/roomCover/2018/08/13/171f56f6a28d0d9113805bc1e9fd6389_small.jpg> (referer: http://capi.douyucdn.cn/api/v1/getVerticalRoom?limit=20&offset=380)
2018-08-31 16:30:28 [scrapy] DEBUG: Crawled (200) <GET https://rpic.douyucdn.cn/live-cover/roomCover/2018/08/23/299655c5599b0e61fee0e9abe83c7f4b_small.jpg> (referer: http://capi.douyucdn.cn/api/v1/getVerticalRoom?limit=20&offset=380)
2018-08-31 16:30:28 [scrapy] DEBUG: Crawled (200) <GET https://rpic.douyucdn.cn/live-cover/appCovers/2018/08/22/5259699_20180822000039_big.jpg> (referer: http://capi.douyucdn.cn/api/v1/getVerticalRoom?limit=20&offset=360)
2018-08-31 16:30:29 [scrapy] DEBUG: Crawled (200) <GET https://rpic.douyucdn.cn/asrpic/180831/5531400_1627.jpg> (referer: http://capi.douyucdn.cn/api/v1/getVerticalRoom?limit=20&offset=360)
2018-08-31 16:30:30 [scrapy] DEBUG: Crawled (200) <GET https://rpic.douyucdn.cn/asrpic/180831/5562685_1627.jpg> (referer: http://capi.douyucdn.cn/api/v1/getVerticalRoom?limit=20&offset=360)
2018-08-31 16:30:30 [scrapy] DEBUG: Crawled (200) <GET https://rpic.douyucdn.cn/live-cover/appCovers/2018/08/24/2697938_20180824084953_big.jpg> (referer: http://capi.douyucdn.cn/api/v1/getVerticalRoom?limit=20&offset=360)
2018-08-31 16:30:31 [scrapy] DEBUG: Crawled (200) <GET https://rpic.douyucdn.cn/live-cover/appCovers/2018/07/05/5272972_20180705105311_big.jpg> (referer: http://capi.douyucdn.cn/api/v1/getVerticalRoom?limit=20&offset=360)
2018-08-31 16:30:31 [scrapy] DEBUG: Crawled (200) <GET https://rpic.douyucdn.cn/live-cover/appCovers/2018/08/04/5453842_20180804112231_big.jpg> (referer: http://capi.douyucdn.cn/api/v1/getVerticalRoom?limit=20&offset=360)
2018-08-31 16:30:32 [scrapy] DEBUG: Crawled (200) <GET https://rpic.douyucdn.cn/live-cover/roomCover/2018/08/13/c7b9ac1e08ef7e75d154ac3972d12d77_small.jpg> (referer: http://capi.douyucdn.cn/api/v1/getVerticalRoom?limit=20&offset=380)
2018-08-31 16:30:33 [scrapy] DEBUG: Crawled (200) <GET https://rpic.douyucdn.cn/live-cover/appCovers/2018/08/16/5519432_20180816101908_big.jpg> (referer: http://capi.douyucdn.cn/api/v1/getVerticalRoom?limit=20&offset=340)
2018-08-31 16:30:33 [scrapy] DEBUG: Crawled (200) <GET https://rpic.douyucdn.cn/asrpic/180831/5598959_1617.jpg> (referer: http://capi.douyucdn.cn/api/v1/getVerticalRoom?limit=20&offset=340)
2018-08-31 16:30:33 [scrapy] DEBUG: Crawled (200) <GET https://rpic.douyucdn.cn/live-cover/appCovers/2018/08/24/2488149_20180824215948_big.jpg> (referer: http://capi.douyucdn.cn/api/v1/getVerticalRoom?limit=20&offset=340)
2018-08-31 16:30:34 [scrapy] DEBUG: Crawled (200) <GET https://rpic.douyucdn.cn/live-cover/appCovers/2018/08/27/5585629_20180827143128_big.jpg> (referer: http://capi.douyucdn.cn/api/v1/getVerticalRoom?limit=20&offset=340)
2018-08-31 16:30:34 [scrapy] DEBUG: Crawled (200) <GET https://rpic.douyucdn.cn/live-cover/appCovers/2018/08/28/5312964_20180828170127_big.jpg> (referer: http://capi.douyucdn.cn/api/v1/getVerticalRoom?limit=20&offset=360)
2018-08-31 16:30:35 [scrapy] DEBUG: Crawled (200) <GET https://rpic.douyucdn.cn/live-cover/appCovers/2018/08/29/4623559_20180829182150_big.jpg> (referer: http://capi.douyucdn.cn/api/v1/getVerticalRoom?limit=20&offset=340)
2018-08-31 16:30:35 [scrapy] DEBUG: Crawled (200) <GET https://rpic.douyucdn.cn/live-cover/appCovers/2018/08/21/5477342_20180821204505_big.jpg> (referer: http://capi.douyucdn.cn/api/v1/getVerticalRoom?limit=20&offset=340)
2018-08-31 16:30:35 [scrapy] DEBUG: Crawled (200) <GET https://rpic.douyucdn.cn/live-cover/appCovers/2018/08/29/5591896_20180829142907_big.jpg> (referer: http://capi.douyucdn.cn/api/v1/getVerticalRoom?limit=20&offset=340)
2018-08-31 16:30:35 [scrapy] DEBUG: Crawled (200) <GET https://rpic.douyucdn.cn/live-cover/roomCover/2018/08/30/54085e74a339f3ea0837353407a8462b_small.png> (referer: http://capi.douyucdn.cn/api/v1/getVerticalRoom?limit=20&offset=340)
2018-08-31 16:30:36 [scrapy] DEBUG: Crawled (200) <GET https://rpic.douyucdn.cn/live-cover/appCovers/2018/08/31/5449533_20180831150033_big.jpg> (referer: http://capi.douyucdn.cn/api/v1/getVerticalRoom?limit=20&offset=340)
2018-08-31 16:30:36 [scrapy] DEBUG: Crawled (200) <GET https://rpic.douyucdn.cn/live-cover/appCovers/2018/08/20/5544354_20180820150134_big.jpg> (referer: http://capi.douyucdn.cn/api/v1/getVerticalRoom?limit=20&offset=340)
2018-08-31 16:30:37 [scrapy] DEBUG: Crawled (200) <GET https://rpic.douyucdn.cn/live-cover/appCovers/2018/08/14/5443707_20180814153211_big.jpg> (referer: http://capi.douyucdn.cn/api/v1/getVerticalRoom?limit=20&offset=340)
2018-08-31 16:30:37 [scrapy] DEBUG: Crawled (200) <GET https://rpic.douyucdn.cn/live-cover/roomCover/2018/08/27/8e2ce3216a6e0b23907b566824b26817_small.jpg> (referer: http://capi.douyucdn.cn/api/v1/getVerticalRoom?limit=20&offset=360)
2018-08-31 16:30:37 [scrapy] DEBUG: Crawled (200) <GET https://rpic.douyucdn.cn/asrpic/180831/5553762_1612.jpg> (referer: http://capi.douyucdn.cn/api/v1/getVerticalRoom?limit=20&offset=340)
2018-08-31 16:30:38 [scrapy] DEBUG: Crawled (200) <GET https://rpic.douyucdn.cn/asrpic/180831/5579143_1627.jpg> (referer: http://capi.douyucdn.cn/api/v1/getVerticalRoom?limit=20&offset=320)
2018-08-31 16:30:38 [scrapy] DEBUG: Crawled (200) <GET https://rpic.douyucdn.cn/live-cover/appCovers/2018/08/11/5494000_20180811185104_big.jpg> (referer: http://capi.douyucdn.cn/api/v1/getVerticalRoom?limit=20&offset=340)
2018-08-31 16:30:39 [scrapy] DEBUG: Crawled (200) <GET https://rpic.douyucdn.cn/live-cover/appCovers/2018/08/15/5437508_20180815224241_big.jpg> (referer: http://capi.douyucdn.cn/api/v1/getVerticalRoom?limit=20&offset=320)
2018-08-31 16:30:41 [scrapy] DEBUG: Crawled (200) <GET https://rpic.douyucdn.cn/live-cover/roomCover/2018/08/23/169f47fae7e3e2ef9111f046f78035ba_small.jpg> (referer: http://capi.douyucdn.cn/api/v1/getVerticalRoom?limit=20&offset=360)
2018-08-31 16:30:41 [scrapy] INFO: Crawled 306 pages (at 132 pages/min), scraped 0 items (at 0 items/min)
2018-08-31 16:30:41 [scrapy] DEBUG: Crawled (200) <GET https://rpic.douyucdn.cn/asrpic/180831/819027_1624.jpg> (referer: http://capi.douyucdn.cn/api/v1/getVerticalRoom?limit=20&offset=320)
2018-08-31 16:30:42 [scrapy] DEBUG: Crawled (200) <GET https://rpic.douyucdn.cn/live-cover/appCovers/2018/08/25/1069778_20180825162417_big.jpg> (referer: http://capi.douyucdn.cn/api/v1/getVerticalRoom?limit=20&offset=320)
2018-08-31 16:30:42 [scrapy] DEBUG: Crawled (200) <GET https://rpic.douyucdn.cn/live-cover/appCovers/2018/08/24/4002729_20180824093326_big.jpg> (referer: http://capi.douyucdn.cn/api/v1/getVerticalRoom?limit=20&offset=320)
2018-08-31 16:30:42 [scrapy] DEBUG: Crawled (200) <GET https://rpic.douyucdn.cn/live-cover/appCovers/2018/08/25/4004117_20180825113606_big.jpg> (referer: http://capi.douyucdn.cn/api/v1/getVerticalRoom?limit=20&offset=320)
2018-08-31 16:30:43 [scrapy] DEBUG: Crawled (200) <GET https://rpic.douyucdn.cn/live-cover/roomCover/2018/08/19/6895fd66fe5439d4592509771121dd7d_small.jpg> (referer: http://capi.douyucdn.cn/api/v1/getVerticalRoom?limit=20&offset=360)
2018-08-31 16:30:44 [scrapy] DEBUG: Crawled (200) <GET https://rpic.douyucdn.cn/live-cover/appCovers/2018/08/19/5538480_20180819125844_big.jpg> (referer: http://capi.douyucdn.cn/api/v1/getVerticalRoom?limit=20&offset=320)
2018-08-31 16:30:44 [scrapy] DEBUG: Crawled (200) <GET https://rpic.douyucdn.cn/asrpic/180831/5429822_1621.jpg> (referer: http://capi.douyucdn.cn/api/v1/getVerticalRoom?limit=20&offset=320)
2018-08-31 16:30:45 [scrapy] DEBUG: Crawled (200) <GET https://rpic.douyucdn.cn/live-cover/appCovers/2018/08/07/5471985_20180807180355_big.jpg> (referer: http://capi.douyucdn.cn/api/v1/getVerticalRoom?limit=20&offset=320)
2018-08-31 16:30:45 [scrapy] DEBUG: Crawled (200) <GET https://rpic.douyucdn.cn/live-cover/appCovers/2018/08/18/5174974_20180818194506_big.jpg> (referer: http://capi.douyucdn.cn/api/v1/getVerticalRoom?limit=20&offset=320)
2018-08-31 16:30:45 [scrapy] DEBUG: Crawled (200) <GET https://rpic.douyucdn.cn/asrpic/180831/5175352_1626.jpg> (referer: http://capi.douyucdn.cn/api/v1/getVerticalRoom?limit=20&offset=320)
2018-08-31 16:30:45 [scrapy] DEBUG: Redirecting (301) to <GET https://cs-op.douyucdn.cn/douyu/default2_thumb.jpg> from <GET https://rpic.douyucdn.cn/acrpic/170828/583298_v0424.jpg>
2018-08-31 16:30:46 [scrapy] DEBUG: Crawled (200) <GET https://rpic.douyucdn.cn/live-cover/roomCover/2018/08/03/ca8d2f47abcd83f8c31d4c21cfce228c_small.jpg> (referer: http://capi.douyucdn.cn/api/v1/getVerticalRoom?limit=20&offset=340)
2018-08-31 16:30:46 [scrapy] DEBUG: Crawled (200) <GET https://rpic.douyucdn.cn/live-cover/appCovers/2018/08/31/5262182_20180831135450_big.jpg> (referer: http://capi.douyucdn.cn/api/v1/getVerticalRoom?limit=20&offset=320)
2018-08-31 16:30:48 [scrapy] DEBUG: Crawled (200) <GET https://rpic.douyucdn.cn/live-cover/appCovers/2018/08/30/2732163_20180830201021_big.jpg> (referer: http://capi.douyucdn.cn/api/v1/getVerticalRoom?limit=20&offset=320)
2018-08-31 16:30:48 [scrapy] DEBUG: Crawled (200) <GET https://rpic.douyucdn.cn/live-cover/appCovers/2018/08/25/5574023_20180825130233_big.jpg> (referer: http://capi.douyucdn.cn/api/v1/getVerticalRoom?limit=20&offset=320)
2018-08-31 16:30:49 [scrapy] DEBUG: Crawled (200) <GET https://rpic.douyucdn.cn/live-cover/roomCover/2018/08/23/bbfb0d0a9504b2fdfad51bd50e555f2c_small.jpg> (referer: http://capi.douyucdn.cn/api/v1/getVerticalRoom?limit=20&offset=320)
2018-08-31 16:30:49 [scrapy] DEBUG: Crawled (200) <GET https://rpic.douyucdn.cn/live-cover/appCovers/2018/08/10/5487350_20180810171652_big.jpg> (referer: http://capi.douyucdn.cn/api/v1/getVerticalRoom?limit=20&offset=320)
2018-08-31 16:30:49 [scrapy] DEBUG: Crawled (200) <GET https://rpic.douyucdn.cn/live-cover/roomCover/2018/08/02/11ee04154d033b49727aa38290880f83_small.jpg> (referer: http://capi.douyucdn.cn/api/v1/getVerticalRoom?limit=20&offset=340)
2018-08-31 16:30:50 [scrapy] DEBUG: Crawled (200) <GET https://rpic.douyucdn.cn/live-cover/appCovers/2018/07/20/5239992_20180720124917_big.jpg> (referer: http://capi.douyucdn.cn/api/v1/getVerticalRoom?limit=20&offset=320)
2018-08-31 16:30:50 [scrapy] DEBUG: Crawled (200) <GET https://rpic.douyucdn.cn/live-cover/appCovers/2018/08/20/5360347_20180820204739_big.jpg> (referer: http://capi.douyucdn.cn/api/v1/getVerticalRoom?limit=20&offset=300)
2018-08-31 16:30:50 [scrapy] DEBUG: Crawled (200) <GET https://rpic.douyucdn.cn/asrpic/180831/5597891_1627.jpg> (referer: http://capi.douyucdn.cn/api/v1/getVerticalRoom?limit=20&offset=300)
2018-08-31 16:30:50 [scrapy] DEBUG: Crawled (200) <GET https://rpic.douyucdn.cn/live-cover/appCovers/2018/07/22/5289461_20180722154959_big.jpg> (referer: http://capi.douyucdn.cn/api/v1/getVerticalRoom?limit=20&offset=300)
2018-08-31 16:30:51 [scrapy] DEBUG: Crawled (200) <GET https://rpic.douyucdn.cn/live-cover/appCovers/2018/08/23/5431593_20180823171337_big.jpg> (referer: http://capi.douyucdn.cn/api/v1/getVerticalRoom?limit=20&offset=300)
2018-08-31 16:30:51 [scrapy] DEBUG: Crawled (200) <GET https://rpic.douyucdn.cn/asrpic/180831/4549728_1626.jpg> (referer: http://capi.douyucdn.cn/api/v1/getVerticalRoom?limit=20&offset=300)
2018-08-31 16:30:51 [scrapy] DEBUG: Crawled (200) <GET https://cs-op.douyucdn.cn/douyu/default2_thumb.jpg> (referer: http://capi.douyucdn.cn/api/v1/getVerticalRoom?limit=20&offset=320)
2018-08-31 16:30:51 [scrapy] DEBUG: Crawled (200) <GET https://rpic.douyucdn.cn/live-cover/appCovers/2018/08/27/5504053_20180827124406_big.jpg> (referer: http://capi.douyucdn.cn/api/v1/getVerticalRoom?limit=20&offset=300)
2018-08-31 16:30:51 [scrapy] DEBUG: Crawled (200) <GET https://rpic.douyucdn.cn/live-cover/appCovers/2018/08/21/5545277_20180821120813_big.jpg> (referer: http://capi.douyucdn.cn/api/v1/getVerticalRoom?limit=20&offset=300)
2018-08-31 16:30:52 [scrapy] DEBUG: Crawled (200) <GET https://rpic.douyucdn.cn/live-cover/appCovers/2018/08/22/5515659_20180822135551_big.jpg> (referer: http://capi.douyucdn.cn/api/v1/getVerticalRoom?limit=20&offset=300)
2018-08-31 16:30:52 [scrapy] DEBUG: Crawled (200) <GET https://rpic.douyucdn.cn/live-cover/appCovers/2018/08/25/5394767_20180825132859_big.jpg> (referer: http://capi.douyucdn.cn/api/v1/getVerticalRoom?limit=20&offset=300)
2018-08-31 16:30:52 [scrapy] DEBUG: Crawled (200) <GET https://rpic.douyucdn.cn/asrpic/180831/5039420_1626.jpg> (referer: http://capi.douyucdn.cn/api/v1/getVerticalRoom?limit=20&offset=300)
2018-08-31 16:30:52 [scrapy] DEBUG: Crawled (200) <GET https://rpic.douyucdn.cn/live-cover/appCovers/2018/08/31/5430699_20180831152144_big.jpg> (referer: http://capi.douyucdn.cn/api/v1/getVerticalRoom?limit=20&offset=300)
2018-08-31 16:30:52 [scrapy] DEBUG: Crawled (200) <GET https://rpic.douyucdn.cn/live-cover/appCovers/2018/08/29/5570392_20180829091012_big.jpg> (referer: http://capi.douyucdn.cn/api/v1/getVerticalRoom?limit=20&offset=300)
2018-08-31 16:30:53 [scrapy] DEBUG: Crawled (200) <GET https://rpic.douyucdn.cn/live-cover/appCovers/2018/08/26/5377384_20180826215549_big.jpg> (referer: http://capi.douyucdn.cn/api/v1/getVerticalRoom?limit=20&offset=300)
2018-08-31 16:30:54 [scrapy] DEBUG: Crawled (200) <GET https://rpic.douyucdn.cn/live-cover/appCovers/2018/08/08/4873873_20180808233003_big.jpg> (referer: http://capi.douyucdn.cn/api/v1/getVerticalRoom?limit=20&offset=300)
2018-08-31 16:30:54 [scrapy] DEBUG: Crawled (200) <GET https://rpic.douyucdn.cn/live-cover/appCovers/2018/07/02/5108651_20180702122149_big.jpg> (referer: http://capi.douyucdn.cn/api/v1/getVerticalRoom?limit=20&offset=300)
2018-08-31 16:30:54 [scrapy] DEBUG: Crawled (200) <GET https://rpic.douyucdn.cn/asrpic/180831/5449428_1627.jpg> (referer: http://capi.douyucdn.cn/api/v1/getVerticalRoom?limit=20&offset=280)
2018-08-31 16:30:55 [scrapy] DEBUG: Crawled (200) <GET https://rpic.douyucdn.cn/live-cover/appCovers/2018/08/30/4470139_20180830145918_big.jpg> (referer: http://capi.douyucdn.cn/api/v1/getVerticalRoom?limit=20&offset=280)
2018-08-31 16:30:55 [scrapy] DEBUG: Crawled (200) <GET https://rpic.douyucdn.cn/live-cover/roomCover/2018/08/31/5f491a400b470fd66d2b7cf1efc2e234_small.jpg> (referer: http://capi.douyucdn.cn/api/v1/getVerticalRoom?limit=20&offset=300)
2018-08-31 16:30:56 [scrapy] DEBUG: Crawled (200) <GET https://rpic.douyucdn.cn/live-cover/appCovers/2018/08/30/5170745_20180830025345_big.jpg> (referer: http://capi.douyucdn.cn/api/v1/getVerticalRoom?limit=20&offset=280)
2018-08-31 16:30:56 [scrapy] DEBUG: Crawled (200) <GET https://rpic.douyucdn.cn/live-cover/appCovers/2018/06/30/5249471_20180630144246_big.jpg> (referer: http://capi.douyucdn.cn/api/v1/getVerticalRoom?limit=20&offset=280)
2018-08-31 16:30:57 [scrapy] DEBUG: Crawled (200) <GET https://rpic.douyucdn.cn/live-cover/appCovers/2018/08/30/2153325_20180830175234_big.jpg> (referer: http://capi.douyucdn.cn/api/v1/getVerticalRoom?limit=20&offset=280)
2018-08-31 16:30:57 [scrapy] DEBUG: Crawled (200) <GET https://rpic.douyucdn.cn/asrpic/180831/5267747_1626.jpg> (referer: http://capi.douyucdn.cn/api/v1/getVerticalRoom?limit=20&offset=280)
2018-08-31 16:30:57 [scrapy] DEBUG: Crawled (200) <GET https://rpic.douyucdn.cn/live-cover/appCovers/2018/08/10/5488345_20180810170414_big.jpg> (referer: http://capi.douyucdn.cn/api/v1/getVerticalRoom?limit=20&offset=280)
2018-08-31 16:30:58 [scrapy] DEBUG: Crawled (200) <GET https://rpic.douyucdn.cn/asrpic/180831/1593902_1615.jpg> (referer: http://capi.douyucdn.cn/api/v1/getVerticalRoom?limit=20&offset=280)
2018-08-31 16:30:58 [scrapy] DEBUG: Crawled (200) <GET https://rpic.douyucdn.cn/live-cover/appCovers/2018/07/21/3878250_20180721162311_big.jpg> (referer: http://capi.douyucdn.cn/api/v1/getVerticalRoom?limit=20&offset=280)
2018-08-31 16:30:58 [scrapy] DEBUG: Crawled (200) <GET https://rpic.douyucdn.cn/live-cover/appCovers/2018/08/17/5277669_20180817112337_big.jpg> (referer: http://capi.douyucdn.cn/api/v1/getVerticalRoom?limit=20&offset=280)
2018-08-31 16:30:58 [scrapy] INFO: Received SIGTERM, shutting down gracefully. Send again to force 
2018-08-31 16:30:58 [scrapy] INFO: Closing spider (shutdown)
2018-08-31 16:31:00 [scrapy] DEBUG: Crawled (200) <GET https://rpic.douyucdn.cn/live-cover/appCovers/2018/08/31/4533295_20180831035129_big.jpg> (referer: http://capi.douyucdn.cn/api/v1/getVerticalRoom?limit=20&offset=280)
2018-08-31 16:31:00 [scrapy] DEBUG: Crawled (200) <GET https://rpic.douyucdn.cn/live-cover/appCovers/2018/08/28/4283468_20180828002536_big.jpg> (referer: http://capi.douyucdn.cn/api/v1/getVerticalRoom?limit=20&offset=260)
2018-08-31 16:31:00 [scrapy] DEBUG: Crawled (200) <GET https://rpic.douyucdn.cn/live-cover/appCovers/2018/08/12/5269377_20180812132752_big.jpg> (referer: http://capi.douyucdn.cn/api/v1/getVerticalRoom?limit=20&offset=280)
2018-08-31 16:31:01 [scrapy] DEBUG: Crawled (200) <GET https://rpic.douyucdn.cn/live-cover/appCovers/2018/08/25/5514666_20180825000630_big.jpg> (referer: http://capi.douyucdn.cn/api/v1/getVerticalRoom?limit=20&offset=280)
2018-08-31 16:31:02 [scrapy] DEBUG: Crawled (200) <GET https://rpic.douyucdn.cn/live-cover/appCovers/2018/08/28/5372602_20180828125040_big.jpg> (referer: http://capi.douyucdn.cn/api/v1/getVerticalRoom?limit=20&offset=260)
2018-08-31 16:31:02 [scrapy] DEBUG: Crawled (200) <GET https://rpic.douyucdn.cn/live-cover/appCovers/2018/08/21/5488676_20180821201749_big.jpg> (referer: http://capi.douyucdn.cn/api/v1/getVerticalRoom?limit=20&offset=280)
2018-08-31 16:31:02 [scrapy] DEBUG: Crawled (200) <GET https://rpic.douyucdn.cn/asrpic/180830/5402445_2124.jpg> (referer: http://capi.douyucdn.cn/api/v1/getVerticalRoom?limit=20&offset=260)
2018-08-31 16:31:04 [scrapy] DEBUG: Crawled (200) <GET https://rpic.douyucdn.cn/live-cover/appCovers/2018/08/28/1148449_20180828192716_big.jpg> (referer: http://capi.douyucdn.cn/api/v1/getVerticalRoom?limit=20&offset=260)
2018-08-31 16:31:04 [scrapy] DEBUG: Crawled (200) <GET https://rpic.douyucdn.cn/live-cover/appCovers/2018/08/22/5558549_20180822185850_big.jpg> (referer: http://capi.douyucdn.cn/api/v1/getVerticalRoom?limit=20&offset=260)
2018-08-31 16:31:05 [scrapy] DEBUG: Crawled (200) <GET https://rpic.douyucdn.cn/live-cover/roomCover/2018/07/26/54031ea17c8d3df9f284dc6b39d18cd2_small.jpg> (referer: http://capi.douyucdn.cn/api/v1/getVerticalRoom?limit=20&offset=300)
2018-08-31 16:31:05 [scrapy] DEBUG: Crawled (200) <GET https://rpic.douyucdn.cn/live-cover/appCovers/2018/08/18/5488250_20180818212046_big.jpg> (referer: http://capi.douyucdn.cn/api/v1/getVerticalRoom?limit=20&offset=260)
2018-08-31 16:31:05 [scrapy] DEBUG: Crawled (200) <GET https://rpic.douyucdn.cn/live-cover/appCovers/2018/08/28/5550673_20180828220316_big.jpg> (referer: http://capi.douyucdn.cn/api/v1/getVerticalRoom?limit=20&offset=260)
2018-08-31 16:31:06 [scrapy] DEBUG: Crawled (200) <GET https://rpic.douyucdn.cn/live-cover/roomCover/2018/07/06/683f4593b1c11d3db5fb32da833edcfa_small.jpg> (referer: http://capi.douyucdn.cn/api/v1/getVerticalRoom?limit=20&offset=280)
2018-08-31 16:31:06 [scrapy] DEBUG: Crawled (200) <GET https://rpic.douyucdn.cn/live-cover/roomCover/2018/08/06/f2a02dc897402b9106c5e4b9ef7002bd_small.jpg> (referer: http://capi.douyucdn.cn/api/v1/getVerticalRoom?limit=20&offset=300)
2018-08-31 16:31:07 [scrapy] DEBUG: Crawled (200) <GET https://rpic.douyucdn.cn/live-cover/roomCover/2018/08/30/db48e65b3e3018dbcf35ee60e765c3fe_small.jpg> (referer: http://capi.douyucdn.cn/api/v1/getVerticalRoom?limit=20&offset=260)
2018-08-31 16:31:07 [scrapy] DEBUG: Crawled (200) <GET https://rpic.douyucdn.cn/live-cover/appCovers/2018/07/24/4817648_20180724125018_big.jpg> (referer: http://capi.douyucdn.cn/api/v1/getVerticalRoom?limit=20&offset=260)
2018-08-31 16:31:07 [scrapy] INFO: Dumping Scrapy stats:
{'downloader/request_bytes': 163580,
 'downloader/request_count': 368,
 'downloader/request_method_count/GET': 368,
 'downloader/response_bytes': 17985418,
 'downloader/response_count': 368,
 'downloader/response_status_count/200': 367,
 'downloader/response_status_count/301': 1,
 'dupefilter/filtered': 7,
 'finish_reason': 'shutdown',
 'finish_time': datetime.datetime(2018, 8, 31, 8, 31, 7, 931941),
 'log_count/DEBUG': 370,
 'log_count/INFO': 10,
 'request_depth_max': 28,
 'response_received_count': 367,
 'scheduler/dequeued': 368,
 'scheduler/dequeued/memory': 368,
 'scheduler/enqueued': 577,
 'scheduler/enqueued/memory': 577,
 'start_time': datetime.datetime(2018, 8, 31, 8, 28, 41, 580308)}
2018-08-31 16:31:07 [scrapy] INFO: Spider closed (shutdown)
